{"/home/travis/build/npmtest/node-npmtest-datapumps/test.js":{"path":"/home/travis/build/npmtest/node-npmtest-datapumps/test.js","s":{"1":2,"2":2,"3":2,"4":2,"5":2,"6":2,"7":2,"8":1,"9":2,"10":2,"11":1,"12":1,"13":1,"14":1,"15":2,"16":2,"17":2,"18":2,"19":1,"20":1,"21":2,"22":2,"23":2,"24":1,"25":1,"26":1,"27":1,"28":1,"29":1,"30":1,"31":1,"32":1,"33":1,"34":1,"35":1,"36":1,"37":1,"38":1,"39":2,"40":2,"41":1,"42":2,"43":2,"44":1,"45":2,"46":2,"47":1,"48":2,"49":2,"50":1,"51":1,"52":1,"53":1,"54":1},"b":{"1":[2,1,1,1],"2":[1,1,1,1],"3":[1,1],"4":[1,1],"5":[1,1],"6":[1,1],"7":[1,1],"8":[1,1],"9":[1,1],"10":[1,1,1],"11":[1,1],"12":[1,1],"13":[1,1],"14":[1,1],"15":[1,1],"16":[1,1],"17":[1,1]},"f":{"1":2,"2":2,"3":2,"4":2,"5":2,"6":1,"7":1,"8":1,"9":2,"10":2,"11":2,"12":2,"13":1},"fnMap":{"1":{"name":"(anonymous_1)","line":12,"loc":{"start":{"line":12,"column":1},"end":{"line":12,"column":13}}},"2":{"name":"(anonymous_2)","line":19,"loc":{"start":{"line":19,"column":5},"end":{"line":19,"column":17}}},"3":{"name":"(anonymous_3)","line":23,"loc":{"start":{"line":23,"column":24},"end":{"line":23,"column":36}}},"4":{"name":"(anonymous_4)","line":61,"loc":{"start":{"line":61,"column":5},"end":{"line":61,"column":17}}},"5":{"name":"(anonymous_5)","line":82,"loc":{"start":{"line":82,"column":5},"end":{"line":82,"column":17}}},"6":{"name":"(anonymous_6)","line":91,"loc":{"start":{"line":91,"column":77},"end":{"line":94,"column":10}}},"7":{"name":"(anonymous_7)","line":112,"loc":{"start":{"line":112,"column":83},"end":{"line":115,"column":10}},"skip":true},"8":{"name":"(anonymous_8)","line":123,"loc":{"start":{"line":123,"column":77},"end":{"line":126,"column":10}},"skip":true},"9":{"name":"(anonymous_9)","line":139,"loc":{"start":{"line":139,"column":12},"end":{"line":139,"column":40}},"skip":true},"10":{"name":"(anonymous_10)","line":147,"loc":{"start":{"line":147,"column":77},"end":{"line":150,"column":10}},"skip":true},"11":{"name":"(anonymous_11)","line":158,"loc":{"start":{"line":158,"column":83},"end":{"line":161,"column":10}},"skip":true},"12":{"name":"(anonymous_12)","line":169,"loc":{"start":{"line":169,"column":79},"end":{"line":172,"column":10}},"skip":true},"13":{"name":"(anonymous_13)","line":180,"loc":{"start":{"line":180,"column":75},"end":{"line":183,"column":10}},"skip":true}},"statementMap":{"1":{"start":{"line":12,"column":0},"end":{"line":195,"column":5}},"2":{"start":{"line":14,"column":4},"end":{"line":14,"column":14}},"3":{"start":{"line":19,"column":4},"end":{"line":56,"column":9}},"4":{"start":{"line":21,"column":8},"end":{"line":21,"column":19}},"5":{"start":{"line":23,"column":8},"end":{"line":35,"column":13}},"6":{"start":{"line":24,"column":12},"end":{"line":34,"column":13}},"7":{"start":{"line":25,"column":16},"end":{"line":28,"column":30}},"8":{"start":{"line":30,"column":16},"end":{"line":33,"column":27}},"9":{"start":{"line":37,"column":8},"end":{"line":39,"column":21}},"10":{"start":{"line":40,"column":8},"end":{"line":53,"column":9}},"11":{"start":{"line":43,"column":12},"end":{"line":46,"column":14}},"12":{"start":{"line":47,"column":12},"end":{"line":47,"column":18}},"13":{"start":{"line":50,"column":12},"end":{"line":51,"column":33}},"14":{"start":{"line":52,"column":12},"end":{"line":52,"column":18}},"15":{"start":{"line":55,"column":8},"end":{"line":55,"column":35}},"16":{"start":{"line":61,"column":4},"end":{"line":63,"column":9}},"17":{"start":{"line":62,"column":8},"end":{"line":62,"column":15}},"18":{"start":{"line":64,"column":4},"end":{"line":77,"column":5}},"19":{"start":{"line":70,"column":8},"end":{"line":70,"column":14}},"20":{"start":{"line":76,"column":8},"end":{"line":76,"column":14}},"21":{"start":{"line":82,"column":4},"end":{"line":84,"column":9}},"22":{"start":{"line":83,"column":8},"end":{"line":83,"column":15}},"23":{"start":{"line":85,"column":4},"end":{"line":194,"column":5}},"24":{"start":{"line":91,"column":8},"end":{"line":99,"column":10}},"25":{"start":{"line":98,"column":12},"end":{"line":98,"column":35}},"26":{"start":{"line":102,"column":8},"end":{"line":104,"column":63}},"27":{"start":{"line":105,"column":8},"end":{"line":105,"column":14}},"28":{"start":{"line":112,"column":8},"end":{"line":121,"column":10},"skip":true},"29":{"start":{"line":119,"column":12},"end":{"line":119,"column":55},"skip":true},"30":{"start":{"line":120,"column":12},"end":{"line":120,"column":48},"skip":true},"31":{"start":{"line":123,"column":8},"end":{"line":136,"column":10},"skip":true},"32":{"start":{"line":130,"column":12},"end":{"line":130,"column":76},"skip":true},"33":{"start":{"line":131,"column":12},"end":{"line":131,"column":73},"skip":true},"34":{"start":{"line":132,"column":12},"end":{"line":132,"column":74},"skip":true},"35":{"start":{"line":133,"column":12},"end":{"line":133,"column":79},"skip":true},"36":{"start":{"line":134,"column":12},"end":{"line":134,"column":25},"skip":true},"37":{"start":{"line":135,"column":12},"end":{"line":135,"column":45},"skip":true},"38":{"start":{"line":138,"column":8},"end":{"line":145,"column":14},"skip":true},"39":{"start":{"line":143,"column":16},"end":{"line":143,"column":29},"skip":true},"40":{"start":{"line":144,"column":16},"end":{"line":144,"column":55},"skip":true},"41":{"start":{"line":147,"column":8},"end":{"line":156,"column":10},"skip":true},"42":{"start":{"line":154,"column":12},"end":{"line":154,"column":25},"skip":true},"43":{"start":{"line":155,"column":12},"end":{"line":155,"column":45},"skip":true},"44":{"start":{"line":158,"column":8},"end":{"line":167,"column":10},"skip":true},"45":{"start":{"line":165,"column":12},"end":{"line":165,"column":25},"skip":true},"46":{"start":{"line":166,"column":12},"end":{"line":166,"column":48},"skip":true},"47":{"start":{"line":169,"column":8},"end":{"line":178,"column":10},"skip":true},"48":{"start":{"line":176,"column":12},"end":{"line":176,"column":25},"skip":true},"49":{"start":{"line":177,"column":12},"end":{"line":177,"column":46},"skip":true},"50":{"start":{"line":180,"column":8},"end":{"line":189,"column":10},"skip":true},"51":{"start":{"line":187,"column":12},"end":{"line":187,"column":94},"skip":true},"52":{"start":{"line":188,"column":12},"end":{"line":188,"column":48},"skip":true},"53":{"start":{"line":192,"column":8},"end":{"line":192,"column":35},"skip":true},"54":{"start":{"line":193,"column":8},"end":{"line":193,"column":14},"skip":true}},"branchMap":{"1":{"line":25,"type":"binary-expr","locations":[{"start":{"line":25,"column":23},"end":{"line":25,"column":62}},{"start":{"line":26,"column":20},"end":{"line":26,"column":70}},{"start":{"line":27,"column":20},"end":{"line":27,"column":71}},{"start":{"line":28,"column":20},"end":{"line":28,"column":29}}]},"2":{"line":30,"type":"binary-expr","locations":[{"start":{"line":30,"column":23},"end":{"line":30,"column":37}},{"start":{"line":31,"column":20},"end":{"line":31,"column":61}},{"start":{"line":32,"column":20},"end":{"line":32,"column":70}},{"start":{"line":33,"column":20},"end":{"line":33,"column":26}}]},"3":{"line":37,"type":"cond-expr","locations":[{"start":{"line":38,"column":14},"end":{"line":38,"column":20}},{"start":{"line":39,"column":14},"end":{"line":39,"column":20}}]},"4":{"line":40,"type":"switch","locations":[{"start":{"line":42,"column":8},"end":{"line":47,"column":18}},{"start":{"line":49,"column":8},"end":{"line":52,"column":18}}]},"5":{"line":44,"type":"binary-expr","locations":[{"start":{"line":44,"column":16},"end":{"line":44,"column":44}},{"start":{"line":44,"column":48},"end":{"line":44,"column":66}}]},"6":{"line":50,"type":"binary-expr","locations":[{"start":{"line":50,"column":21},"end":{"line":50,"column":49}},{"start":{"line":50,"column":53},"end":{"line":50,"column":72}}]},"7":{"line":64,"type":"switch","locations":[{"start":{"line":69,"column":4},"end":{"line":70,"column":14}},{"start":{"line":75,"column":4},"end":{"line":76,"column":14}}]},"8":{"line":85,"type":"switch","locations":[{"start":{"line":90,"column":4},"end":{"line":105,"column":14}},{"start":{"line":111,"column":4},"end":{"line":193,"column":14},"skip":true}]},"9":{"line":91,"type":"binary-expr","locations":[{"start":{"line":91,"column":42},"end":{"line":91,"column":73}},{"start":{"line":91,"column":77},"end":{"line":99,"column":9}}]},"10":{"line":102,"type":"binary-expr","locations":[{"start":{"line":102,"column":18},"end":{"line":102,"column":32}},{"start":{"line":103,"column":12},"end":{"line":103,"column":53}},{"start":{"line":104,"column":12},"end":{"line":104,"column":61}}]},"11":{"line":112,"type":"binary-expr","locations":[{"start":{"line":112,"column":45},"end":{"line":112,"column":79},"skip":true},{"start":{"line":112,"column":83},"end":{"line":121,"column":9},"skip":true}]},"12":{"line":123,"type":"binary-expr","locations":[{"start":{"line":123,"column":42},"end":{"line":123,"column":73},"skip":true},{"start":{"line":123,"column":77},"end":{"line":136,"column":9},"skip":true}]},"13":{"line":138,"type":"binary-expr","locations":[{"start":{"line":138,"column":48},"end":{"line":138,"column":85},"skip":true},{"start":{"line":139,"column":12},"end":{"line":145,"column":13},"skip":true}]},"14":{"line":147,"type":"binary-expr","locations":[{"start":{"line":147,"column":42},"end":{"line":147,"column":73},"skip":true},{"start":{"line":147,"column":77},"end":{"line":156,"column":9},"skip":true}]},"15":{"line":158,"type":"binary-expr","locations":[{"start":{"line":158,"column":45},"end":{"line":158,"column":79},"skip":true},{"start":{"line":158,"column":83},"end":{"line":167,"column":9},"skip":true}]},"16":{"line":169,"type":"binary-expr","locations":[{"start":{"line":169,"column":43},"end":{"line":169,"column":75},"skip":true},{"start":{"line":169,"column":79},"end":{"line":178,"column":9},"skip":true}]},"17":{"line":180,"type":"binary-expr","locations":[{"start":{"line":180,"column":41},"end":{"line":180,"column":71},"skip":true},{"start":{"line":180,"column":75},"end":{"line":189,"column":9},"skip":true}]}},"code":["/* istanbul instrument in package npmtest_datapumps */","/*jslint","    bitwise: true,","    browser: true,","    maxerr: 8,","    maxlen: 96,","    node: true,","    nomen: true,","    regexp: true,","    stupid: true","*/","(function () {","    'use strict';","    var local;","","","","    // run shared js-env code - init-before","    (function () {","        // init local","        local = {};","        // init modeJs","        local.modeJs = (function () {","            try {","                return typeof navigator.userAgent === 'string' &&","                    typeof document.querySelector('body') === 'object' &&","                    typeof XMLHttpRequest.prototype.open === 'function' &&","                    'browser';","            } catch (errorCaughtBrowser) {","                return module.exports &&","                    typeof process.versions.node === 'string' &&","                    typeof require('http').createServer === 'function' &&","                    'node';","            }","        }());","        // init global","        local.global = local.modeJs === 'browser'","            ? window","            : global;","        switch (local.modeJs) {","        // re-init local from window.local","        case 'browser':","            local = local.global.utility2.objectSetDefault(","                local.global.utility2_rollup || local.global.local,","                local.global.utility2","            );","            break;","        // re-init local from example.js","        case 'node':","            local = (local.global.utility2_rollup || require('utility2'))","                .requireReadme();","            break;","        }","        // export local","        local.global.local = local;","    }());","","","","    // run shared js-env code - function","    (function () {","        return;","    }());","    switch (local.modeJs) {","","","","    // run browser js-env code - function","    case 'browser':","        break;","","","","    // run node js-env code - function","    case 'node':","        break;","    }","","","","    // run shared js-env code - init-after","    (function () {","        return;","    }());","    switch (local.modeJs) {","","","","    // run browser js-env code - init-after","    case 'browser':","        local.testCase_browser_nullCase = local.testCase_browser_nullCase || function (","            options,","            onError","        ) {","        /*","         * this function will test browsers's null-case handling-behavior-behavior","         */","            onError(null, options);","        };","","        // run tests","        local.nop(local.modeTest &&","            document.querySelector('#testRunButton1') &&","            document.querySelector('#testRunButton1').click());","        break;","","","","    // run node js-env code - init-after","    /* istanbul ignore next */","    case 'node':","        local.testCase_buildApidoc_default = local.testCase_buildApidoc_default || function (","            options,","            onError","        ) {","        /*","         * this function will test buildApidoc's default handling-behavior-behavior","         */","            options = { modulePathList: module.paths };","            local.buildApidoc(options, onError);","        };","","        local.testCase_buildApp_default = local.testCase_buildApp_default || function (","            options,","            onError","        ) {","        /*","         * this function will test buildApp's default handling-behavior-behavior","         */","            local.testCase_buildReadme_default(options, local.onErrorThrow);","            local.testCase_buildLib_default(options, local.onErrorThrow);","            local.testCase_buildTest_default(options, local.onErrorThrow);","            local.testCase_buildCustomOrg_default(options, local.onErrorThrow);","            options = [];","            local.buildApp(options, onError);","        };","","        local.testCase_buildCustomOrg_default = local.testCase_buildCustomOrg_default ||","            function (options, onError) {","            /*","             * this function will test buildCustomOrg's default handling-behavior","             */","                options = {};","                local.buildCustomOrg(options, onError);","            };","","        local.testCase_buildLib_default = local.testCase_buildLib_default || function (","            options,","            onError","        ) {","        /*","         * this function will test buildLib's default handling-behavior","         */","            options = {};","            local.buildLib(options, onError);","        };","","        local.testCase_buildReadme_default = local.testCase_buildReadme_default || function (","            options,","            onError","        ) {","        /*","         * this function will test buildReadme's default handling-behavior-behavior","         */","            options = {};","            local.buildReadme(options, onError);","        };","","        local.testCase_buildTest_default = local.testCase_buildTest_default || function (","            options,","            onError","        ) {","        /*","         * this function will test buildTest's default handling-behavior","         */","            options = {};","            local.buildTest(options, onError);","        };","","        local.testCase_webpage_default = local.testCase_webpage_default || function (","            options,","            onError","        ) {","        /*","         * this function will test webpage's default handling-behavior","         */","            options = { modeCoverageMerge: true, url: local.serverLocalHost + '?modeTest=1' };","            local.browserTest(options, onError);","        };","","        // run test-server","        local.testRunServer(local);","        break;","    }","}());",""],"l":{"12":2,"14":2,"19":2,"21":2,"23":2,"24":2,"25":2,"30":1,"37":2,"40":2,"43":1,"47":1,"50":1,"52":1,"55":2,"61":2,"62":2,"64":2,"70":1,"76":1,"82":2,"83":2,"85":2,"91":1,"98":1,"102":1,"105":1,"112":1,"119":1,"120":1,"123":1,"130":1,"131":1,"132":1,"133":1,"134":1,"135":1,"138":1,"143":2,"144":2,"147":1,"154":2,"155":2,"158":1,"165":2,"166":2,"169":1,"176":2,"177":2,"180":1,"187":1,"188":1,"192":1,"193":1}},"/home/travis/build/npmtest/node-npmtest-datapumps/lib.npmtest_datapumps.js":{"path":"/home/travis/build/npmtest/node-npmtest-datapumps/lib.npmtest_datapumps.js","s":{"1":2,"2":2,"3":2,"4":2,"5":2,"6":2,"7":2,"8":1,"9":2,"10":2,"11":2,"12":2,"13":1,"14":1,"15":1,"16":1},"b":{"1":[2,1,1,1],"2":[1,1,1,1],"3":[1,1],"4":[2,2],"5":[1,1]},"f":{"1":2,"2":2,"3":2},"fnMap":{"1":{"name":"(anonymous_1)","line":12,"loc":{"start":{"line":12,"column":1},"end":{"line":12,"column":13}}},"2":{"name":"(anonymous_2)","line":19,"loc":{"start":{"line":19,"column":5},"end":{"line":19,"column":17}}},"3":{"name":"(anonymous_3)","line":23,"loc":{"start":{"line":23,"column":24},"end":{"line":23,"column":36}}}},"statementMap":{"1":{"start":{"line":12,"column":0},"end":{"line":53,"column":5}},"2":{"start":{"line":14,"column":4},"end":{"line":14,"column":14}},"3":{"start":{"line":19,"column":4},"end":{"line":52,"column":9}},"4":{"start":{"line":21,"column":8},"end":{"line":21,"column":19}},"5":{"start":{"line":23,"column":8},"end":{"line":35,"column":13}},"6":{"start":{"line":24,"column":12},"end":{"line":34,"column":13}},"7":{"start":{"line":25,"column":16},"end":{"line":28,"column":30}},"8":{"start":{"line":30,"column":16},"end":{"line":33,"column":27}},"9":{"start":{"line":37,"column":8},"end":{"line":39,"column":21}},"10":{"start":{"line":41,"column":8},"end":{"line":41,"column":54}},"11":{"start":{"line":43,"column":8},"end":{"line":43,"column":54}},"12":{"start":{"line":45,"column":8},"end":{"line":51,"column":9}},"13":{"start":{"line":46,"column":12},"end":{"line":46,"column":60}},"14":{"start":{"line":48,"column":12},"end":{"line":48,"column":35}},"15":{"start":{"line":49,"column":12},"end":{"line":49,"column":49}},"16":{"start":{"line":50,"column":12},"end":{"line":50,"column":43}}},"branchMap":{"1":{"line":25,"type":"binary-expr","locations":[{"start":{"line":25,"column":23},"end":{"line":25,"column":62}},{"start":{"line":26,"column":20},"end":{"line":26,"column":70}},{"start":{"line":27,"column":20},"end":{"line":27,"column":71}},{"start":{"line":28,"column":20},"end":{"line":28,"column":29}}]},"2":{"line":30,"type":"binary-expr","locations":[{"start":{"line":30,"column":23},"end":{"line":30,"column":37}},{"start":{"line":31,"column":20},"end":{"line":31,"column":61}},{"start":{"line":32,"column":20},"end":{"line":32,"column":70}},{"start":{"line":33,"column":20},"end":{"line":33,"column":26}}]},"3":{"line":37,"type":"cond-expr","locations":[{"start":{"line":38,"column":14},"end":{"line":38,"column":20}},{"start":{"line":39,"column":14},"end":{"line":39,"column":20}}]},"4":{"line":41,"type":"binary-expr","locations":[{"start":{"line":41,"column":16},"end":{"line":41,"column":44}},{"start":{"line":41,"column":48},"end":{"line":41,"column":53}}]},"5":{"line":45,"type":"if","locations":[{"start":{"line":45,"column":8},"end":{"line":45,"column":8}},{"start":{"line":45,"column":8},"end":{"line":45,"column":8}}]}},"code":["/* istanbul instrument in package npmtest_datapumps */","/*jslint","    bitwise: true,","    browser: true,","    maxerr: 8,","    maxlen: 96,","    node: true,","    nomen: true,","    regexp: true,","    stupid: true","*/","(function () {","    'use strict';","    var local;","","","","    // run shared js-env code - init-before","    (function () {","        // init local","        local = {};","        // init modeJs","        local.modeJs = (function () {","            try {","                return typeof navigator.userAgent === 'string' &&","                    typeof document.querySelector('body') === 'object' &&","                    typeof XMLHttpRequest.prototype.open === 'function' &&","                    'browser';","            } catch (errorCaughtBrowser) {","                return module.exports &&","                    typeof process.versions.node === 'string' &&","                    typeof require('http').createServer === 'function' &&","                    'node';","            }","        }());","        // init global","        local.global = local.modeJs === 'browser'","            ? window","            : global;","        // init utility2_rollup","        local = local.global.utility2_rollup || local;","        // init lib","        local.local = local.npmtest_datapumps = local;","        // init exports","        if (local.modeJs === 'browser') {","            local.global.utility2_npmtest_datapumps = local;","        } else {","            module.exports = local;","            module.exports.__dirname = __dirname;","            module.exports.module = module;","        }","    }());","}());",""],"l":{"12":2,"14":2,"19":2,"21":2,"23":2,"24":2,"25":2,"30":1,"37":2,"41":2,"43":2,"45":2,"46":1,"48":1,"49":1,"50":1}},"/home/travis/build/npmtest/node-npmtest-datapumps/example.js":{"path":"/home/travis/build/npmtest/node-npmtest-datapumps/example.js","s":{"1":2,"2":2,"3":2,"4":2,"5":2,"6":2,"7":2,"8":1,"9":2,"10":2,"11":2,"12":2,"13":1,"14":2,"15":2,"16":2,"17":2,"18":2,"19":0,"20":2,"21":1,"22":1,"23":1,"24":1,"25":1,"26":0,"27":0,"28":1,"29":1,"30":2,"31":0,"32":0,"33":0,"34":1,"35":2,"36":2,"37":3,"38":3,"39":3,"40":3,"41":0,"42":3,"43":3,"44":3,"45":1,"46":3,"47":1,"48":1,"49":1,"50":1,"51":1,"52":1,"53":1,"54":1,"55":1,"56":1,"57":0,"58":1,"59":6,"60":6,"61":1,"62":2,"63":0,"64":2,"65":1,"66":1,"67":0,"68":0,"69":0,"70":0,"71":0,"72":0,"73":0,"74":0,"75":0,"76":0,"77":0,"78":0,"79":0,"80":0,"81":0,"82":0,"83":0},"b":{"1":[2,1,1,1],"2":[1,1,1,1],"3":[1,1],"4":[2,2],"5":[1,1],"6":[1,1],"7":[2,0],"8":[2,1,1,1,1,1],"9":[0,2,0],"10":[1,1],"11":[2,1,1],"12":[1,0],"13":[0,2],"14":[2,0,0,0,0,0,0],"15":[0,3],"16":[3,0],"17":[1,1],"18":[0,1],"19":[1,2,0,2],"20":[1,0],"21":[1,1],"22":[0,0],"23":[0,0],"24":[0,0],"25":[0,0],"26":[0,0],"27":[0,0],"28":[0,0]},"f":{"1":2,"2":2,"3":2,"4":2,"5":2,"6":2,"7":3,"8":3,"9":3,"10":1,"11":6,"12":0},"fnMap":{"1":{"name":"(anonymous_1)","line":26,"loc":{"start":{"line":26,"column":1},"end":{"line":26,"column":13}}},"2":{"name":"(anonymous_2)","line":33,"loc":{"start":{"line":33,"column":5},"end":{"line":33,"column":17}}},"3":{"name":"(anonymous_3)","line":37,"loc":{"start":{"line":37,"column":24},"end":{"line":37,"column":36}}},"4":{"name":"(anonymous_4)","line":69,"loc":{"start":{"line":69,"column":31},"end":{"line":69,"column":48}},"skip":true},"5":{"name":"(anonymous_5)","line":78,"loc":{"start":{"line":78,"column":26},"end":{"line":78,"column":45}},"skip":true},"6":{"name":"(anonymous_6)","line":123,"loc":{"start":{"line":123,"column":33},"end":{"line":123,"column":48}},"skip":true},"7":{"name":"(anonymous_7)","line":125,"loc":{"start":{"line":125,"column":27},"end":{"line":125,"column":39}},"skip":true},"8":{"name":"(anonymous_8)","line":133,"loc":{"start":{"line":133,"column":59},"end":{"line":133,"column":74}},"skip":true},"9":{"name":"(anonymous_9)","line":143,"loc":{"start":{"line":143,"column":45},"end":{"line":143,"column":62}},"skip":true},"10":{"name":"(anonymous_10)","line":144,"loc":{"start":{"line":144,"column":73},"end":{"line":144,"column":92}},"skip":true},"11":{"name":"(anonymous_11)","line":272,"loc":{"start":{"line":272,"column":51},"end":{"line":272,"column":77}},"skip":true},"12":{"name":"(anonymous_12)","line":315,"loc":{"start":{"line":315,"column":32},"end":{"line":315,"column":61}},"skip":true}},"statementMap":{"1":{"start":{"line":26,"column":0},"end":{"line":326,"column":5}},"2":{"start":{"line":28,"column":4},"end":{"line":28,"column":14}},"3":{"start":{"line":33,"column":4},"end":{"line":60,"column":9}},"4":{"start":{"line":35,"column":8},"end":{"line":35,"column":19}},"5":{"start":{"line":37,"column":8},"end":{"line":49,"column":13}},"6":{"start":{"line":38,"column":12},"end":{"line":48,"column":13}},"7":{"start":{"line":39,"column":16},"end":{"line":42,"column":30}},"8":{"start":{"line":44,"column":16},"end":{"line":47,"column":27}},"9":{"start":{"line":51,"column":8},"end":{"line":53,"column":21}},"10":{"start":{"line":55,"column":8},"end":{"line":57,"column":45}},"11":{"start":{"line":59,"column":8},"end":{"line":59,"column":35}},"12":{"start":{"line":61,"column":4},"end":{"line":325,"column":5}},"13":{"start":{"line":69,"column":8},"end":{"line":121,"column":10},"skip":true},"14":{"start":{"line":70,"column":12},"end":{"line":88,"column":13},"skip":true},"15":{"start":{"line":76,"column":16},"end":{"line":87,"column":19},"skip":true},"16":{"start":{"line":79,"column":20},"end":{"line":86,"column":21},"skip":true},"17":{"start":{"line":82,"column":24},"end":{"line":82,"column":43},"skip":true},"18":{"start":{"line":83,"column":24},"end":{"line":83,"column":30},"skip":true},"19":{"start":{"line":85,"column":24},"end":{"line":85,"column":49},"skip":true},"20":{"start":{"line":89,"column":12},"end":{"line":107,"column":13},"skip":true},"21":{"start":{"line":92,"column":16},"end":{"line":102,"column":17},"skip":true},"22":{"start":{"line":93,"column":20},"end":{"line":93,"column":86},"skip":true},"23":{"start":{"line":94,"column":20},"end":{"line":95,"column":45},"skip":true},"24":{"start":{"line":96,"column":20},"end":{"line":96,"column":42},"skip":true},"25":{"start":{"line":97,"column":20},"end":{"line":97,"column":48},"skip":true},"26":{"start":{"line":100,"column":20},"end":{"line":100,"column":85},"skip":true},"27":{"start":{"line":101,"column":20},"end":{"line":101,"column":96},"skip":true},"28":{"start":{"line":103,"column":16},"end":{"line":103,"column":22},"skip":true},"29":{"start":{"line":106,"column":16},"end":{"line":106,"column":22},"skip":true},"30":{"start":{"line":108,"column":12},"end":{"line":120,"column":13},"skip":true},"31":{"start":{"line":114,"column":16},"end":{"line":119,"column":17},"skip":true},"32":{"start":{"line":116,"column":20},"end":{"line":116,"column":78},"skip":true},"33":{"start":{"line":118,"column":20},"end":{"line":118,"column":47},"skip":true},"34":{"start":{"line":123,"column":8},"end":{"line":141,"column":11},"skip":true},"35":{"start":{"line":124,"column":12},"end":{"line":124,"column":54},"skip":true},"36":{"start":{"line":125,"column":12},"end":{"line":140,"column":14},"skip":true},"37":{"start":{"line":126,"column":16},"end":{"line":126,"column":28},"skip":true},"38":{"start":{"line":127,"column":16},"end":{"line":127,"column":69},"skip":true},"39":{"start":{"line":128,"column":16},"end":{"line":128,"column":75},"skip":true},"40":{"start":{"line":129,"column":16},"end":{"line":131,"column":17},"skip":true},"41":{"start":{"line":130,"column":20},"end":{"line":130,"column":27},"skip":true},"42":{"start":{"line":133,"column":16},"end":{"line":137,"column":36},"skip":true},"43":{"start":{"line":134,"column":20},"end":{"line":136,"column":55},"skip":true},"44":{"start":{"line":139,"column":16},"end":{"line":139,"column":57},"skip":true},"45":{"start":{"line":143,"column":8},"end":{"line":147,"column":11},"skip":true},"46":{"start":{"line":144,"column":12},"end":{"line":146,"column":15},"skip":true},"47":{"start":{"line":145,"column":16},"end":{"line":145,"column":70},"skip":true},"48":{"start":{"line":149,"column":8},"end":{"line":149,"column":31},"skip":true},"49":{"start":{"line":150,"column":8},"end":{"line":150,"column":14},"skip":true},"50":{"start":{"line":158,"column":8},"end":{"line":158,"column":31},"skip":true},"51":{"start":{"line":160,"column":8},"end":{"line":160,"column":33},"skip":true},"52":{"start":{"line":161,"column":8},"end":{"line":161,"column":37},"skip":true},"53":{"start":{"line":162,"column":8},"end":{"line":162,"column":35},"skip":true},"54":{"start":{"line":164,"column":8},"end":{"line":164,"column":50},"skip":true},"55":{"start":{"line":166,"column":8},"end":{"line":256,"column":2},"skip":true},"56":{"start":{"line":258,"column":8},"end":{"line":286,"column":9},"skip":true},"57":{"start":{"line":259,"column":12},"end":{"line":269,"column":14},"skip":true},"58":{"start":{"line":271,"column":12},"end":{"line":285,"column":19},"skip":true},"59":{"start":{"line":274,"column":20},"end":{"line":274,"column":35},"skip":true},"60":{"start":{"line":275,"column":20},"end":{"line":284,"column":21},"skip":true},"61":{"start":{"line":277,"column":24},"end":{"line":277,"column":64},"skip":true},"62":{"start":{"line":279,"column":24},"end":{"line":279,"column":40},"skip":true},"63":{"start":{"line":281,"column":24},"end":{"line":281,"column":40},"skip":true},"64":{"start":{"line":283,"column":24},"end":{"line":283,"column":39},"skip":true},"65":{"start":{"line":288,"column":8},"end":{"line":290,"column":9},"skip":true},"66":{"start":{"line":289,"column":12},"end":{"line":289,"column":18},"skip":true},"67":{"start":{"line":291,"column":8},"end":{"line":293,"column":54},"skip":true},"68":{"start":{"line":296,"column":8},"end":{"line":301,"column":37},"skip":true},"69":{"start":{"line":303,"column":8},"end":{"line":303,"column":82},"skip":true},"70":{"start":{"line":306,"column":8},"end":{"line":308,"column":9},"skip":true},"71":{"start":{"line":307,"column":12},"end":{"line":307,"column":82},"skip":true},"72":{"start":{"line":310,"column":8},"end":{"line":312,"column":9},"skip":true},"73":{"start":{"line":311,"column":12},"end":{"line":311,"column":18},"skip":true},"74":{"start":{"line":313,"column":8},"end":{"line":313,"column":54},"skip":true},"75":{"start":{"line":314,"column":8},"end":{"line":314,"column":69},"skip":true},"76":{"start":{"line":315,"column":8},"end":{"line":323,"column":36},"skip":true},"77":{"start":{"line":316,"column":12},"end":{"line":316,"column":61},"skip":true},"78":{"start":{"line":317,"column":12},"end":{"line":320,"column":13},"skip":true},"79":{"start":{"line":318,"column":16},"end":{"line":318,"column":75},"skip":true},"80":{"start":{"line":319,"column":16},"end":{"line":319,"column":23},"skip":true},"81":{"start":{"line":321,"column":12},"end":{"line":321,"column":38},"skip":true},"82":{"start":{"line":322,"column":12},"end":{"line":322,"column":27},"skip":true},"83":{"start":{"line":324,"column":8},"end":{"line":324,"column":14},"skip":true}},"branchMap":{"1":{"line":39,"type":"binary-expr","locations":[{"start":{"line":39,"column":23},"end":{"line":39,"column":62}},{"start":{"line":40,"column":20},"end":{"line":40,"column":70}},{"start":{"line":41,"column":20},"end":{"line":41,"column":71}},{"start":{"line":42,"column":20},"end":{"line":42,"column":29}}]},"2":{"line":44,"type":"binary-expr","locations":[{"start":{"line":44,"column":23},"end":{"line":44,"column":37}},{"start":{"line":45,"column":20},"end":{"line":45,"column":61}},{"start":{"line":46,"column":20},"end":{"line":46,"column":70}},{"start":{"line":47,"column":20},"end":{"line":47,"column":26}}]},"3":{"line":51,"type":"cond-expr","locations":[{"start":{"line":52,"column":14},"end":{"line":52,"column":20}},{"start":{"line":53,"column":14},"end":{"line":53,"column":20}}]},"4":{"line":55,"type":"binary-expr","locations":[{"start":{"line":55,"column":16},"end":{"line":55,"column":44}},{"start":{"line":55,"column":49},"end":{"line":57,"column":43}}]},"5":{"line":55,"type":"cond-expr","locations":[{"start":{"line":56,"column":14},"end":{"line":56,"column":53}},{"start":{"line":57,"column":14},"end":{"line":57,"column":43}}]},"6":{"line":61,"type":"switch","locations":[{"start":{"line":68,"column":4},"end":{"line":150,"column":14},"skip":true},{"start":{"line":156,"column":4},"end":{"line":324,"column":14},"skip":true}]},"7":{"line":70,"type":"if","locations":[{"start":{"line":70,"column":12},"end":{"line":70,"column":12},"skip":true},{"start":{"line":70,"column":12},"end":{"line":70,"column":12},"skip":true}]},"8":{"line":70,"type":"binary-expr","locations":[{"start":{"line":70,"column":16},"end":{"line":70,"column":22},"skip":true},{"start":{"line":70,"column":27},"end":{"line":70,"column":32},"skip":true},{"start":{"line":71,"column":20},"end":{"line":71,"column":39},"skip":true},{"start":{"line":72,"column":20},"end":{"line":72,"column":49},"skip":true},{"start":{"line":73,"column":20},"end":{"line":73,"column":58},"skip":true},{"start":{"line":74,"column":20},"end":{"line":74,"column":69},"skip":true}]},"9":{"line":79,"type":"switch","locations":[{"start":{"line":80,"column":20},"end":{"line":80,"column":33},"skip":true},{"start":{"line":81,"column":20},"end":{"line":83,"column":30},"skip":true},{"start":{"line":84,"column":20},"end":{"line":85,"column":49},"skip":true}]},"10":{"line":89,"type":"switch","locations":[{"start":{"line":90,"column":12},"end":{"line":103,"column":22},"skip":true},{"start":{"line":105,"column":12},"end":{"line":106,"column":22},"skip":true}]},"11":{"line":89,"type":"binary-expr","locations":[{"start":{"line":89,"column":20},"end":{"line":89,"column":25},"skip":true},{"start":{"line":89,"column":29},"end":{"line":89,"column":48},"skip":true},{"start":{"line":89,"column":52},"end":{"line":89,"column":74},"skip":true}]},"12":{"line":92,"type":"if","locations":[{"start":{"line":92,"column":16},"end":{"line":92,"column":16},"skip":true},{"start":{"line":92,"column":16},"end":{"line":92,"column":16},"skip":true}]},"13":{"line":108,"type":"if","locations":[{"start":{"line":108,"column":12},"end":{"line":108,"column":12},"skip":true},{"start":{"line":108,"column":12},"end":{"line":108,"column":12},"skip":true}]},"14":{"line":108,"type":"binary-expr","locations":[{"start":{"line":108,"column":16},"end":{"line":108,"column":61},"skip":true},{"start":{"line":108,"column":66},"end":{"line":108,"column":72},"skip":true},{"start":{"line":108,"column":77},"end":{"line":108,"column":82},"skip":true},{"start":{"line":109,"column":20},"end":{"line":109,"column":39},"skip":true},{"start":{"line":110,"column":20},"end":{"line":110,"column":49},"skip":true},{"start":{"line":111,"column":20},"end":{"line":111,"column":58},"skip":true},{"start":{"line":112,"column":20},"end":{"line":112,"column":68},"skip":true}]},"15":{"line":129,"type":"if","locations":[{"start":{"line":129,"column":16},"end":{"line":129,"column":16},"skip":true},{"start":{"line":129,"column":16},"end":{"line":129,"column":16},"skip":true}]},"16":{"line":134,"type":"cond-expr","locations":[{"start":{"line":135,"column":26},"end":{"line":135,"column":29},"skip":true},{"start":{"line":136,"column":26},"end":{"line":136,"column":54},"skip":true}]},"17":{"line":164,"type":"binary-expr","locations":[{"start":{"line":164,"column":27},"end":{"line":164,"column":43},"skip":true},{"start":{"line":164,"column":47},"end":{"line":164,"column":49},"skip":true}]},"18":{"line":258,"type":"if","locations":[{"start":{"line":258,"column":8},"end":{"line":258,"column":8},"skip":true},{"start":{"line":258,"column":8},"end":{"line":258,"column":8},"skip":true}]},"19":{"line":275,"type":"switch","locations":[{"start":{"line":276,"column":20},"end":{"line":277,"column":64},"skip":true},{"start":{"line":278,"column":20},"end":{"line":279,"column":40},"skip":true},{"start":{"line":280,"column":20},"end":{"line":281,"column":40},"skip":true},{"start":{"line":282,"column":20},"end":{"line":283,"column":39},"skip":true}]},"20":{"line":288,"type":"if","locations":[{"start":{"line":288,"column":8},"end":{"line":288,"column":8},"skip":true},{"start":{"line":288,"column":8},"end":{"line":288,"column":8},"skip":true}]},"21":{"line":288,"type":"binary-expr","locations":[{"start":{"line":288,"column":12},"end":{"line":288,"column":40},"skip":true},{"start":{"line":288,"column":44},"end":{"line":288,"column":67},"skip":true}]},"22":{"line":292,"type":"binary-expr","locations":[{"start":{"line":292,"column":12},"end":{"line":292,"column":50},"skip":true},{"start":{"line":293,"column":12},"end":{"line":293,"column":53},"skip":true}]},"23":{"line":297,"type":"binary-expr","locations":[{"start":{"line":297,"column":12},"end":{"line":297,"column":67},"skip":true},{"start":{"line":298,"column":12},"end":{"line":301,"column":36},"skip":true}]},"24":{"line":303,"type":"binary-expr","locations":[{"start":{"line":303,"column":43},"end":{"line":303,"column":75},"skip":true},{"start":{"line":303,"column":79},"end":{"line":303,"column":81},"skip":true}]},"25":{"line":306,"type":"if","locations":[{"start":{"line":306,"column":8},"end":{"line":306,"column":8},"skip":true},{"start":{"line":306,"column":8},"end":{"line":306,"column":8},"skip":true}]},"26":{"line":310,"type":"if","locations":[{"start":{"line":310,"column":8},"end":{"line":310,"column":8},"skip":true},{"start":{"line":310,"column":8},"end":{"line":310,"column":8},"skip":true}]},"27":{"line":313,"type":"binary-expr","locations":[{"start":{"line":313,"column":27},"end":{"line":313,"column":43},"skip":true},{"start":{"line":313,"column":47},"end":{"line":313,"column":53},"skip":true}]},"28":{"line":317,"type":"if","locations":[{"start":{"line":317,"column":12},"end":{"line":317,"column":12},"skip":true},{"start":{"line":317,"column":12},"end":{"line":317,"column":12},"skip":true}]}},"code":["/*","example.js","","quickstart example","","instruction","    1. save this script as example.js","    2. run the shell command:","        $ npm install npmtest-datapumps && PORT=8081 node example.js","    3. play with the browser-demo on http://127.0.0.1:8081","*/","","","","/* istanbul instrument in package npmtest_datapumps */","/*jslint","    bitwise: true,","    browser: true,","    maxerr: 8,","    maxlen: 96,","    node: true,","    nomen: true,","    regexp: true,","    stupid: true","*/","(function () {","    'use strict';","    var local;","","","","    // run shared js-env code - init-before","    (function () {","        // init local","        local = {};","        // init modeJs","        local.modeJs = (function () {","            try {","                return typeof navigator.userAgent === 'string' &&","                    typeof document.querySelector('body') === 'object' &&","                    typeof XMLHttpRequest.prototype.open === 'function' &&","                    'browser';","            } catch (errorCaughtBrowser) {","                return module.exports &&","                    typeof process.versions.node === 'string' &&","                    typeof require('http').createServer === 'function' &&","                    'node';","            }","        }());","        // init global","        local.global = local.modeJs === 'browser'","            ? window","            : global;","        // init utility2_rollup","        local = local.global.utility2_rollup || (local.modeJs === 'browser'","            ? local.global.utility2_npmtest_datapumps","            : global.utility2_moduleExports);","        // export local","        local.global.local = local;","    }());","    switch (local.modeJs) {","","","","    // init-after","    // run browser js-env code - init-after","    /* istanbul ignore next */","    case 'browser':","        local.testRunBrowser = function (event) {","            if (!event || (event &&","                    event.currentTarget &&","                    event.currentTarget.className &&","                    event.currentTarget.className.includes &&","                    event.currentTarget.className.includes('onreset'))) {","                // reset output","                Array.from(","                    document.querySelectorAll('body > .resettable')","                ).forEach(function (element) {","                    switch (element.tagName) {","                    case 'INPUT':","                    case 'TEXTAREA':","                        element.value = '';","                        break;","                    default:","                        element.textContent = '';","                    }","                });","            }","            switch (event && event.currentTarget && event.currentTarget.id) {","            case 'testRunButton1':","                // show tests","                if (document.querySelector('#testReportDiv1').style.display === 'none') {","                    document.querySelector('#testReportDiv1').style.display = 'block';","                    document.querySelector('#testRunButton1').textContent =","                        'hide internal test';","                    local.modeTest = true;","                    local.testRunDefault(local);","                // hide tests","                } else {","                    document.querySelector('#testReportDiv1').style.display = 'none';","                    document.querySelector('#testRunButton1').textContent = 'run internal test';","                }","                break;","            // custom-case","            default:","                break;","            }","            if (document.querySelector('#inputTextareaEval1') && (!event || (event &&","                    event.currentTarget &&","                    event.currentTarget.className &&","                    event.currentTarget.className.includes &&","                    event.currentTarget.className.includes('oneval')))) {","                // try to eval input-code","                try {","                    /*jslint evil: true*/","                    eval(document.querySelector('#inputTextareaEval1').value);","                } catch (errorCaught) {","                    console.error(errorCaught);","                }","            }","        };","        // log stderr and stdout to #outputTextareaStdout1","        ['error', 'log'].forEach(function (key) {","            console[key + '_original'] = console[key];","            console[key] = function () {","                var element;","                console[key + '_original'].apply(console, arguments);","                element = document.querySelector('#outputTextareaStdout1');","                if (!element) {","                    return;","                }","                // append text to #outputTextareaStdout1","                element.value += Array.from(arguments).map(function (arg) {","                    return typeof arg === 'string'","                        ? arg","                        : JSON.stringify(arg, null, 4);","                }).join(' ') + '\\n';","                // scroll textarea to bottom","                element.scrollTop = element.scrollHeight;","            };","        });","        // init event-handling","        ['change', 'click', 'keyup'].forEach(function (event) {","            Array.from(document.querySelectorAll('.on' + event)).forEach(function (element) {","                element.addEventListener(event, local.testRunBrowser);","            });","        });","        // run tests","        local.testRunBrowser();","        break;","","","","    // run node js-env code - init-after","    /* istanbul ignore next */","    case 'node':","        // export local","        module.exports = local;","        // require modules","        local.fs = require('fs');","        local.http = require('http');","        local.url = require('url');","        // init assets","        local.assetsDict = local.assetsDict || {};","        /* jslint-ignore-begin */","        local.assetsDict['/assets.index.template.html'] = '\\","<!doctype html>\\n\\","<html lang=\"en\">\\n\\","<head>\\n\\","<meta charset=\"UTF-8\">\\n\\","<meta name=\"viewport\" content=\"width=device-width, initial-scale=1\">\\n\\","<title>{{env.npm_package_name}} (v{{env.npm_package_version}})</title>\\n\\","<style>\\n\\","/*csslint\\n\\","    box-sizing: false,\\n\\","    universal-selector: false\\n\\","*/\\n\\","* {\\n\\","    box-sizing: border-box;\\n\\","}\\n\\","body {\\n\\","    background: #dde;\\n\\","    font-family: Arial, Helvetica, sans-serif;\\n\\","    margin: 2rem;\\n\\","}\\n\\","body > * {\\n\\","    margin-bottom: 1rem;\\n\\","}\\n\\",".utility2FooterDiv {\\n\\","    margin-top: 20px;\\n\\","    text-align: center;\\n\\","}\\n\\","</style>\\n\\","<style>\\n\\","/*csslint\\n\\","*/\\n\\","textarea {\\n\\","    font-family: monospace;\\n\\","    height: 10rem;\\n\\","    width: 100%;\\n\\","}\\n\\","textarea[readonly] {\\n\\","    background: #ddd;\\n\\","}\\n\\","</style>\\n\\","</head>\\n\\","<body>\\n\\","<!-- utility2-comment\\n\\","<div id=\"ajaxProgressDiv1\" style=\"background: #d00; height: 2px; left: 0; margin: 0; padding: 0; position: fixed; top: 0; transition: background 0.5s, width 1.5s; width: 25%;\"></div>\\n\\","utility2-comment -->\\n\\","<h1>\\n\\","<!-- utility2-comment\\n\\","    <a\\n\\","        {{#if env.npm_package_homepage}}\\n\\","        href=\"{{env.npm_package_homepage}}\"\\n\\","        {{/if env.npm_package_homepage}}\\n\\","        target=\"_blank\"\\n\\","    >\\n\\","utility2-comment -->\\n\\","        {{env.npm_package_name}} (v{{env.npm_package_version}})\\n\\","<!-- utility2-comment\\n\\","    </a>\\n\\","utility2-comment -->\\n\\","</h1>\\n\\","<h3>{{env.npm_package_description}}</h3>\\n\\","<!-- utility2-comment\\n\\","<h4><a download href=\"assets.app.js\">download standalone app</a></h4>\\n\\","<button class=\"onclick onreset\" id=\"testRunButton1\">run internal test</button><br>\\n\\","<div id=\"testReportDiv1\" style=\"display: none;\"></div>\\n\\","utility2-comment -->\\n\\","\\n\\","\\n\\","\\n\\","<label>stderr and stdout</label>\\n\\","<textarea class=\"resettable\" id=\"outputTextareaStdout1\" readonly></textarea>\\n\\","<!-- utility2-comment\\n\\","{{#if isRollup}}\\n\\","<script src=\"assets.app.js\"></script>\\n\\","{{#unless isRollup}}\\n\\","utility2-comment -->\\n\\","<script src=\"assets.utility2.rollup.js\"></script>\\n\\","<script src=\"jsonp.utility2._stateInit?callback=window.utility2._stateInit\"></script>\\n\\","<script src=\"assets.npmtest_datapumps.rollup.js\"></script>\\n\\","<script src=\"assets.example.js\"></script>\\n\\","<script src=\"assets.test.js\"></script>\\n\\","<!-- utility2-comment\\n\\","{{/if isRollup}}\\n\\","utility2-comment -->\\n\\","<div class=\"utility2FooterDiv\">\\n\\","    [ this app was created with\\n\\","    <a href=\"https://github.com/kaizhu256/node-utility2\" target=\"_blank\">utility2</a>\\n\\","    ]\\n\\","</div>\\n\\","</body>\\n\\","</html>\\n\\","';","        /* jslint-ignore-end */","        if (local.templateRender) {","            local.assetsDict['/'] = local.templateRender(","                local.assetsDict['/assets.index.template.html'],","                {","                    env: local.objectSetDefault(local.env, {","                        npm_package_description: 'the greatest app in the world!',","                        npm_package_name: 'my-app',","                        npm_package_nameAlias: 'my_app',","                        npm_package_version: '0.0.1'","                    })","                }","            );","        } else {","            local.assetsDict['/'] = local.assetsDict['/assets.index.template.html']","                .replace((/\\{\\{env\\.(\\w+?)\\}\\}/g), function (match0, match1) {","                    // jslint-hack","                    String(match0);","                    switch (match1) {","                    case 'npm_package_description':","                        return 'the greatest app in the world!';","                    case 'npm_package_name':","                        return 'my-app';","                    case 'npm_package_nameAlias':","                        return 'my_app';","                    case 'npm_package_version':","                        return '0.0.1';","                    }","                });","        }","        // run the cli","        if (local.global.utility2_rollup || module !== require.main) {","            break;","        }","        local.assetsDict['/assets.example.js'] =","            local.assetsDict['/assets.example.js'] ||","            local.fs.readFileSync(__filename, 'utf8');","        // bug-workaround - long $npm_package_buildCustomOrg","        /* jslint-ignore-begin */","        local.assetsDict['/assets.npmtest_datapumps.rollup.js'] =","            local.assetsDict['/assets.npmtest_datapumps.rollup.js'] ||","            local.fs.readFileSync(","                local.npmtest_datapumps.__dirname + '/lib.npmtest_datapumps.js',","                'utf8'","            ).replace((/^#!/), '//');","        /* jslint-ignore-end */","        local.assetsDict['/favicon.ico'] = local.assetsDict['/favicon.ico'] || '';","        // if $npm_config_timeout_exit exists,","        // then exit this process after $npm_config_timeout_exit ms","        if (Number(process.env.npm_config_timeout_exit)) {","            setTimeout(process.exit, Number(process.env.npm_config_timeout_exit));","        }","        // start server","        if (local.global.utility2_serverHttp1) {","            break;","        }","        process.env.PORT = process.env.PORT || '8081';","        console.error('server starting on port ' + process.env.PORT);","        local.http.createServer(function (request, response) {","            request.urlParsed = local.url.parse(request.url);","            if (local.assetsDict[request.urlParsed.pathname] !== undefined) {","                response.end(local.assetsDict[request.urlParsed.pathname]);","                return;","            }","            response.statusCode = 404;","            response.end();","        }).listen(process.env.PORT);","        break;","    }","}());",""],"l":{"26":2,"28":2,"33":2,"35":2,"37":2,"38":2,"39":2,"44":1,"51":2,"55":2,"59":2,"61":2,"69":1,"70":2,"76":2,"79":2,"82":2,"83":2,"85":1,"89":2,"92":1,"93":1,"94":1,"96":1,"97":1,"100":1,"101":1,"103":1,"106":1,"108":2,"114":1,"116":1,"118":1,"123":1,"124":2,"125":2,"126":3,"127":3,"128":3,"129":3,"130":1,"133":3,"134":3,"139":3,"143":1,"144":3,"145":1,"149":1,"150":1,"158":1,"160":1,"161":1,"162":1,"164":1,"166":1,"258":1,"259":1,"271":1,"274":6,"275":6,"277":1,"279":2,"281":1,"283":2,"288":1,"289":1,"291":1,"296":1,"303":1,"306":1,"307":1,"310":1,"311":1,"313":1,"314":1,"315":1,"316":1,"317":1,"318":1,"319":1,"321":1,"322":1,"324":1}},"/home/travis/build/npmtest/node-npmtest-datapumps/node_modules/datapumps/index.js":{"path":"/home/travis/build/npmtest/node-npmtest-datapumps/node_modules/datapumps/index.js","s":{"1":1,"2":1,"3":0},"b":{},"f":{"1":0},"fnMap":{"1":{"name":"(anonymous_1)","line":8,"loc":{"start":{"line":8,"column":9},"end":{"line":8,"column":20}}}},"statementMap":{"1":{"start":{"line":1,"column":0},"end":{"line":1,"column":35}},"2":{"start":{"line":3,"column":0},"end":{"line":10,"column":1}},"3":{"start":{"line":8,"column":22},"end":{"line":8,"column":41}}},"branchMap":{},"code":["var Group = require('./lib/Group');","","module.exports = {","  Buffer: require('./lib/Buffer'),","  Pump: require('./lib/Pump'),","  PumpingFailedError: require('./lib/PumpingFailedError'),","  Group: Group,","  group: function() { return new Group(); },","  mixin: require('./lib/mixin')","}",""],"l":{"1":1,"3":1,"8":0}},"/home/travis/build/npmtest/node-npmtest-datapumps/node_modules/datapumps/lib/Group.js":{"path":"/home/travis/build/npmtest/node-npmtest-datapumps/node_modules/datapumps/lib/Group.js","s":{"1":1,"2":1,"3":1,"4":11,"5":11,"6":1,"7":1,"8":1,"9":1,"10":1,"11":1,"12":1,"13":1,"14":1,"15":1,"16":1,"17":1,"18":1,"19":0,"20":0,"21":0,"22":1,"23":0,"24":0,"25":0,"26":0,"27":0,"28":0,"29":0,"30":0,"31":0,"32":0,"33":1,"34":0,"35":0,"36":0,"37":1,"38":0,"39":1,"40":0,"41":0,"42":0,"43":0,"44":0,"45":0,"46":0,"47":0,"48":0,"49":0,"50":0,"51":0,"52":0,"53":0,"54":1,"55":0,"56":0,"57":1,"58":0,"59":0,"60":0,"61":1,"62":0,"63":0,"64":0,"65":0,"66":0,"67":0,"68":0,"69":0,"70":0,"71":0,"72":0,"73":0,"74":1,"75":0,"76":0,"77":0,"78":0,"79":0,"80":0,"81":0,"82":0,"83":1,"84":0,"85":0,"86":0,"87":1,"88":0,"89":0,"90":0,"91":0,"92":1,"93":0,"94":0,"95":0,"96":0,"97":0,"98":0,"99":0,"100":0,"101":1,"102":0,"103":0,"104":0,"105":0,"106":0,"107":0,"108":1,"109":0,"110":0,"111":0,"112":0,"113":0,"114":0,"115":1,"116":0,"117":0,"118":0,"119":0,"120":0,"121":0,"122":1,"123":0,"124":0,"125":0,"126":0,"127":1,"128":0,"129":1,"130":0,"131":0,"132":0,"133":0,"134":0,"135":0,"136":0,"137":0,"138":0,"139":0,"140":0,"141":0,"142":0,"143":0,"144":1,"145":0,"146":0,"147":0,"148":0,"149":0,"150":0,"151":0,"152":0,"153":0,"154":1,"155":0,"156":0,"157":0,"158":0,"159":0,"160":0,"161":0,"162":0,"163":0,"164":0,"165":0,"166":0,"167":0,"168":0,"169":1,"170":0,"171":0,"172":0,"173":0,"174":0,"175":0,"176":0,"177":0,"178":0,"179":0,"180":0,"181":1,"182":0,"183":0,"184":0,"185":0,"186":1},"b":{"1":[11,0],"2":[0,0],"3":[0,0],"4":[0,0],"5":[0,0],"6":[0,0],"7":[0,0],"8":[0,0],"9":[0,0],"10":[0,0],"11":[0,0],"12":[0,0],"13":[0,0],"14":[0,0],"15":[0,0],"16":[0,0],"17":[0,0],"18":[0,0],"19":[0,0],"20":[0,0],"21":[0,0],"22":[0,0],"23":[0,0],"24":[0,0],"25":[0,0],"26":[0,0],"27":[0,0],"28":[0,0],"29":[0,0],"30":[0,0],"31":[0,0],"32":[0,0]},"f":{"1":1,"2":1,"3":1,"4":1,"5":0,"6":0,"7":0,"8":0,"9":0,"10":0,"11":0,"12":0,"13":0,"14":0,"15":0,"16":0,"17":0,"18":0,"19":0,"20":0,"21":0,"22":0,"23":0,"24":0,"25":0,"26":0,"27":0,"28":0,"29":0,"30":0,"31":0,"32":0,"33":0,"34":0,"35":0},"fnMap":{"1":{"name":"(anonymous_1)","line":1,"loc":{"start":{"line":1,"column":1},"end":{"line":1,"column":12}}},"2":{"name":"(anonymous_2)","line":4,"loc":{"start":{"line":4,"column":16},"end":{"line":4,"column":40}}},"3":{"name":"ctor","line":4,"loc":{"start":{"line":4,"column":129},"end":{"line":4,"column":145}}},"4":{"name":"(anonymous_4)","line":15,"loc":{"start":{"line":15,"column":28},"end":{"line":15,"column":45}}},"5":{"name":"Group","line":18,"loc":{"start":{"line":18,"column":4},"end":{"line":18,"column":21}}},"6":{"name":"(anonymous_6)","line":24,"loc":{"start":{"line":24,"column":30},"end":{"line":24,"column":51}}},"7":{"name":"(anonymous_7)","line":39,"loc":{"start":{"line":39,"column":27},"end":{"line":39,"column":42}}},"8":{"name":"(anonymous_8)","line":46,"loc":{"start":{"line":46,"column":28},"end":{"line":46,"column":39}}},"9":{"name":"(anonymous_9)","line":50,"loc":{"start":{"line":50,"column":28},"end":{"line":50,"column":39}}},"10":{"name":"(anonymous_10)","line":63,"loc":{"start":{"line":63,"column":23},"end":{"line":63,"column":39}}},"11":{"name":"(anonymous_11)","line":64,"loc":{"start":{"line":64,"column":15},"end":{"line":64,"column":26}}},"12":{"name":"(anonymous_12)","line":67,"loc":{"start":{"line":67,"column":25},"end":{"line":67,"column":57}}},"13":{"name":"(anonymous_13)","line":71,"loc":{"start":{"line":71,"column":32},"end":{"line":71,"column":43}}},"14":{"name":"(anonymous_14)","line":76,"loc":{"start":{"line":76,"column":26},"end":{"line":76,"column":37}}},"15":{"name":"(anonymous_15)","line":78,"loc":{"start":{"line":78,"column":42},"end":{"line":78,"column":74}}},"16":{"name":"(anonymous_16)","line":82,"loc":{"start":{"line":82,"column":31},"end":{"line":82,"column":47}}},"17":{"name":"(anonymous_17)","line":101,"loc":{"start":{"line":101,"column":42},"end":{"line":101,"column":53}}},"18":{"name":"(anonymous_18)","line":114,"loc":{"start":{"line":114,"column":29},"end":{"line":114,"column":63}}},"19":{"name":"(anonymous_19)","line":121,"loc":{"start":{"line":121,"column":39},"end":{"line":121,"column":60}}},"20":{"name":"(anonymous_20)","line":128,"loc":{"start":{"line":128,"column":29},"end":{"line":128,"column":44}}},"21":{"name":"(anonymous_21)","line":144,"loc":{"start":{"line":144,"column":32},"end":{"line":144,"column":51}}},"22":{"name":"(anonymous_22)","line":155,"loc":{"start":{"line":155,"column":35},"end":{"line":155,"column":56}}},"23":{"name":"(anonymous_23)","line":165,"loc":{"start":{"line":165,"column":27},"end":{"line":165,"column":44}}},"24":{"name":"(anonymous_24)","line":176,"loc":{"start":{"line":176,"column":28},"end":{"line":176,"column":45}}},"25":{"name":"(anonymous_25)","line":184,"loc":{"start":{"line":184,"column":30},"end":{"line":184,"column":41}}},"26":{"name":"(anonymous_26)","line":188,"loc":{"start":{"line":188,"column":28},"end":{"line":188,"column":39}}},"27":{"name":"(anonymous_27)","line":204,"loc":{"start":{"line":204,"column":46},"end":{"line":204,"column":62}}},"28":{"name":"(anonymous_28)","line":205,"loc":{"start":{"line":205,"column":15},"end":{"line":205,"column":26}}},"29":{"name":"(anonymous_29)","line":211,"loc":{"start":{"line":211,"column":29},"end":{"line":211,"column":40}}},"30":{"name":"(anonymous_30)","line":225,"loc":{"start":{"line":225,"column":28},"end":{"line":225,"column":39}}},"31":{"name":"(anonymous_31)","line":230,"loc":{"start":{"line":230,"column":26},"end":{"line":230,"column":37}}},"32":{"name":"(anonymous_32)","line":241,"loc":{"start":{"line":241,"column":27},"end":{"line":241,"column":43}}},"33":{"name":"(anonymous_33)","line":242,"loc":{"start":{"line":242,"column":15},"end":{"line":242,"column":26}}},"34":{"name":"(anonymous_34)","line":248,"loc":{"start":{"line":248,"column":25},"end":{"line":248,"column":38}}},"35":{"name":"(anonymous_35)","line":265,"loc":{"start":{"line":265,"column":32},"end":{"line":265,"column":49}}}},"statementMap":{"1":{"start":{"line":1,"column":0},"end":{"line":277,"column":14}},"2":{"start":{"line":2,"column":2},"end":{"line":5,"column":23}},"3":{"start":{"line":4,"column":42},"end":{"line":4,"column":128}},"4":{"start":{"line":4,"column":68},"end":{"line":4,"column":126}},"5":{"start":{"line":4,"column":101},"end":{"line":4,"column":126}},"6":{"start":{"line":4,"column":129},"end":{"line":4,"column":174}},"7":{"start":{"line":4,"column":147},"end":{"line":4,"column":172}},"8":{"start":{"line":4,"column":175},"end":{"line":4,"column":209}},"9":{"start":{"line":4,"column":210},"end":{"line":4,"column":239}},"10":{"start":{"line":4,"column":240},"end":{"line":4,"column":275}},"11":{"start":{"line":4,"column":276},"end":{"line":4,"column":289}},"12":{"start":{"line":7,"column":2},"end":{"line":7,"column":32}},"13":{"start":{"line":9,"column":2},"end":{"line":9,"column":27}},"14":{"start":{"line":11,"column":2},"end":{"line":11,"column":55}},"15":{"start":{"line":13,"column":2},"end":{"line":13,"column":31}},"16":{"start":{"line":15,"column":2},"end":{"line":275,"column":11}},"17":{"start":{"line":16,"column":4},"end":{"line":16,"column":29}},"18":{"start":{"line":18,"column":4},"end":{"line":22,"column":5}},"19":{"start":{"line":19,"column":6},"end":{"line":19,"column":45}},"20":{"start":{"line":20,"column":6},"end":{"line":20,"column":23}},"21":{"start":{"line":21,"column":6},"end":{"line":21,"column":32}},"22":{"start":{"line":24,"column":4},"end":{"line":37,"column":6}},"23":{"start":{"line":25,"column":6},"end":{"line":25,"column":17}},"24":{"start":{"line":26,"column":6},"end":{"line":28,"column":7}},"25":{"start":{"line":27,"column":8},"end":{"line":27,"column":20}},"26":{"start":{"line":29,"column":6},"end":{"line":31,"column":7}},"27":{"start":{"line":30,"column":8},"end":{"line":30,"column":47}},"28":{"start":{"line":32,"column":6},"end":{"line":32,"column":57}},"29":{"start":{"line":33,"column":6},"end":{"line":33,"column":68}},"30":{"start":{"line":34,"column":6},"end":{"line":34,"column":35}},"31":{"start":{"line":35,"column":6},"end":{"line":35,"column":55}},"32":{"start":{"line":36,"column":6},"end":{"line":36,"column":31}},"33":{"start":{"line":39,"column":4},"end":{"line":44,"column":6}},"34":{"start":{"line":40,"column":6},"end":{"line":42,"column":7}},"35":{"start":{"line":41,"column":8},"end":{"line":41,"column":60}},"36":{"start":{"line":43,"column":6},"end":{"line":43,"column":31}},"37":{"start":{"line":46,"column":4},"end":{"line":48,"column":6}},"38":{"start":{"line":47,"column":6},"end":{"line":47,"column":25}},"39":{"start":{"line":50,"column":4},"end":{"line":69,"column":6}},"40":{"start":{"line":51,"column":6},"end":{"line":51,"column":27}},"41":{"start":{"line":52,"column":6},"end":{"line":54,"column":7}},"42":{"start":{"line":53,"column":8},"end":{"line":53,"column":49}},"43":{"start":{"line":55,"column":6},"end":{"line":55,"column":34}},"44":{"start":{"line":56,"column":6},"end":{"line":56,"column":40}},"45":{"start":{"line":57,"column":6},"end":{"line":57,"column":25}},"46":{"start":{"line":58,"column":6},"end":{"line":62,"column":7}},"47":{"start":{"line":59,"column":8},"end":{"line":59,"column":26}},"48":{"start":{"line":60,"column":8},"end":{"line":60,"column":44}},"49":{"start":{"line":61,"column":8},"end":{"line":61,"column":36}},"50":{"start":{"line":63,"column":6},"end":{"line":67,"column":61}},"51":{"start":{"line":64,"column":8},"end":{"line":66,"column":10}},"52":{"start":{"line":65,"column":10},"end":{"line":65,"column":35}},"53":{"start":{"line":68,"column":6},"end":{"line":68,"column":18}},"54":{"start":{"line":71,"column":4},"end":{"line":74,"column":6}},"55":{"start":{"line":72,"column":6},"end":{"line":72,"column":32}},"56":{"start":{"line":73,"column":6},"end":{"line":73,"column":30}},"57":{"start":{"line":76,"column":4},"end":{"line":80,"column":6}},"58":{"start":{"line":77,"column":6},"end":{"line":77,"column":17}},"59":{"start":{"line":78,"column":6},"end":{"line":78,"column":78}},"60":{"start":{"line":79,"column":6},"end":{"line":79,"column":20}},"61":{"start":{"line":82,"column":4},"end":{"line":99,"column":6}},"62":{"start":{"line":83,"column":6},"end":{"line":83,"column":45}},"63":{"start":{"line":84,"column":6},"end":{"line":86,"column":7}},"64":{"start":{"line":85,"column":8},"end":{"line":85,"column":21}},"65":{"start":{"line":87,"column":6},"end":{"line":89,"column":7}},"66":{"start":{"line":88,"column":8},"end":{"line":88,"column":43}},"67":{"start":{"line":90,"column":6},"end":{"line":92,"column":7}},"68":{"start":{"line":91,"column":8},"end":{"line":91,"column":24}},"69":{"start":{"line":93,"column":6},"end":{"line":93,"column":26}},"70":{"start":{"line":94,"column":6},"end":{"line":97,"column":7}},"71":{"start":{"line":95,"column":8},"end":{"line":95,"column":29}},"72":{"start":{"line":96,"column":8},"end":{"line":96,"column":72}},"73":{"start":{"line":98,"column":6},"end":{"line":98,"column":41}},"74":{"start":{"line":101,"column":4},"end":{"line":112,"column":6}},"75":{"start":{"line":102,"column":6},"end":{"line":102,"column":35}},"76":{"start":{"line":103,"column":6},"end":{"line":103,"column":18}},"77":{"start":{"line":104,"column":6},"end":{"line":104,"column":25}},"78":{"start":{"line":105,"column":6},"end":{"line":110,"column":7}},"79":{"start":{"line":106,"column":8},"end":{"line":106,"column":26}},"80":{"start":{"line":107,"column":8},"end":{"line":109,"column":9}},"81":{"start":{"line":108,"column":10},"end":{"line":108,"column":28}},"82":{"start":{"line":111,"column":6},"end":{"line":111,"column":20}},"83":{"start":{"line":114,"column":4},"end":{"line":119,"column":6}},"84":{"start":{"line":115,"column":6},"end":{"line":117,"column":7}},"85":{"start":{"line":116,"column":8},"end":{"line":116,"column":77}},"86":{"start":{"line":118,"column":6},"end":{"line":118,"column":83}},"87":{"start":{"line":121,"column":4},"end":{"line":126,"column":6}},"88":{"start":{"line":122,"column":6},"end":{"line":122,"column":50}},"89":{"start":{"line":123,"column":6},"end":{"line":123,"column":116}},"90":{"start":{"line":124,"column":6},"end":{"line":124,"column":73}},"91":{"start":{"line":125,"column":6},"end":{"line":125,"column":52}},"92":{"start":{"line":128,"column":4},"end":{"line":142,"column":6}},"93":{"start":{"line":129,"column":6},"end":{"line":129,"column":23}},"94":{"start":{"line":130,"column":6},"end":{"line":132,"column":7}},"95":{"start":{"line":131,"column":8},"end":{"line":131,"column":24}},"96":{"start":{"line":133,"column":6},"end":{"line":137,"column":7}},"97":{"start":{"line":134,"column":8},"end":{"line":134,"column":98}},"98":{"start":{"line":138,"column":6},"end":{"line":140,"column":7}},"99":{"start":{"line":139,"column":8},"end":{"line":139,"column":51}},"100":{"start":{"line":141,"column":6},"end":{"line":141,"column":20}},"101":{"start":{"line":144,"column":4},"end":{"line":153,"column":6}},"102":{"start":{"line":145,"column":6},"end":{"line":147,"column":7}},"103":{"start":{"line":146,"column":8},"end":{"line":146,"column":24}},"104":{"start":{"line":148,"column":6},"end":{"line":150,"column":7}},"105":{"start":{"line":149,"column":8},"end":{"line":149,"column":31}},"106":{"start":{"line":151,"column":6},"end":{"line":151,"column":44}},"107":{"start":{"line":152,"column":6},"end":{"line":152,"column":18}},"108":{"start":{"line":155,"column":4},"end":{"line":163,"column":6}},"109":{"start":{"line":156,"column":6},"end":{"line":156,"column":17}},"110":{"start":{"line":157,"column":6},"end":{"line":159,"column":7}},"111":{"start":{"line":158,"column":8},"end":{"line":158,"column":20}},"112":{"start":{"line":160,"column":6},"end":{"line":160,"column":40}},"113":{"start":{"line":161,"column":6},"end":{"line":161,"column":27}},"114":{"start":{"line":162,"column":6},"end":{"line":162,"column":20}},"115":{"start":{"line":165,"column":4},"end":{"line":174,"column":6}},"116":{"start":{"line":166,"column":6},"end":{"line":168,"column":7}},"117":{"start":{"line":167,"column":8},"end":{"line":167,"column":22}},"118":{"start":{"line":169,"column":6},"end":{"line":171,"column":7}},"119":{"start":{"line":170,"column":8},"end":{"line":170,"column":75}},"120":{"start":{"line":172,"column":6},"end":{"line":172,"column":35}},"121":{"start":{"line":173,"column":6},"end":{"line":173,"column":18}},"122":{"start":{"line":176,"column":4},"end":{"line":182,"column":6}},"123":{"start":{"line":177,"column":6},"end":{"line":179,"column":7}},"124":{"start":{"line":178,"column":8},"end":{"line":178,"column":75}},"125":{"start":{"line":180,"column":6},"end":{"line":180,"column":36}},"126":{"start":{"line":181,"column":6},"end":{"line":181,"column":18}},"127":{"start":{"line":184,"column":4},"end":{"line":186,"column":6}},"128":{"start":{"line":185,"column":6},"end":{"line":185,"column":105}},"129":{"start":{"line":188,"column":4},"end":{"line":209,"column":6}},"130":{"start":{"line":189,"column":6},"end":{"line":189,"column":42}},"131":{"start":{"line":190,"column":6},"end":{"line":192,"column":7}},"132":{"start":{"line":191,"column":8},"end":{"line":191,"column":15}},"133":{"start":{"line":193,"column":6},"end":{"line":195,"column":7}},"134":{"start":{"line":194,"column":8},"end":{"line":194,"column":71}},"135":{"start":{"line":196,"column":6},"end":{"line":196,"column":25}},"136":{"start":{"line":197,"column":6},"end":{"line":197,"column":25}},"137":{"start":{"line":198,"column":6},"end":{"line":203,"column":7}},"138":{"start":{"line":199,"column":8},"end":{"line":199,"column":26}},"139":{"start":{"line":200,"column":8},"end":{"line":202,"column":9}},"140":{"start":{"line":201,"column":10},"end":{"line":201,"column":43}},"141":{"start":{"line":204,"column":6},"end":{"line":208,"column":16}},"142":{"start":{"line":205,"column":8},"end":{"line":207,"column":10}},"143":{"start":{"line":206,"column":10},"end":{"line":206,"column":45}},"144":{"start":{"line":211,"column":4},"end":{"line":223,"column":6}},"145":{"start":{"line":212,"column":6},"end":{"line":212,"column":27}},"146":{"start":{"line":213,"column":6},"end":{"line":215,"column":7}},"147":{"start":{"line":214,"column":8},"end":{"line":214,"column":71}},"148":{"start":{"line":216,"column":6},"end":{"line":216,"column":34}},"149":{"start":{"line":217,"column":6},"end":{"line":217,"column":25}},"150":{"start":{"line":218,"column":6},"end":{"line":221,"column":7}},"151":{"start":{"line":219,"column":8},"end":{"line":219,"column":26}},"152":{"start":{"line":220,"column":8},"end":{"line":220,"column":22}},"153":{"start":{"line":222,"column":6},"end":{"line":222,"column":18}},"154":{"start":{"line":225,"column":4},"end":{"line":246,"column":6}},"155":{"start":{"line":226,"column":6},"end":{"line":226,"column":21}},"156":{"start":{"line":227,"column":6},"end":{"line":229,"column":7}},"157":{"start":{"line":228,"column":8},"end":{"line":228,"column":71}},"158":{"start":{"line":230,"column":6},"end":{"line":245,"column":16}},"159":{"start":{"line":231,"column":8},"end":{"line":231,"column":27}},"160":{"start":{"line":232,"column":8},"end":{"line":232,"column":27}},"161":{"start":{"line":233,"column":8},"end":{"line":233,"column":22}},"162":{"start":{"line":234,"column":8},"end":{"line":239,"column":9}},"163":{"start":{"line":235,"column":10},"end":{"line":235,"column":28}},"164":{"start":{"line":236,"column":10},"end":{"line":238,"column":11}},"165":{"start":{"line":237,"column":12},"end":{"line":237,"column":40}},"166":{"start":{"line":240,"column":8},"end":{"line":240,"column":24}},"167":{"start":{"line":242,"column":8},"end":{"line":244,"column":10}},"168":{"start":{"line":243,"column":10},"end":{"line":243,"column":46}},"169":{"start":{"line":248,"column":4},"end":{"line":263,"column":6}},"170":{"start":{"line":249,"column":6},"end":{"line":249,"column":27}},"171":{"start":{"line":250,"column":6},"end":{"line":252,"column":7}},"172":{"start":{"line":251,"column":8},"end":{"line":251,"column":18}},"173":{"start":{"line":253,"column":6},"end":{"line":255,"column":7}},"174":{"start":{"line":254,"column":8},"end":{"line":254,"column":24}},"175":{"start":{"line":256,"column":6},"end":{"line":256,"column":20}},"176":{"start":{"line":257,"column":6},"end":{"line":257,"column":25}},"177":{"start":{"line":258,"column":6},"end":{"line":261,"column":7}},"178":{"start":{"line":259,"column":8},"end":{"line":259,"column":26}},"179":{"start":{"line":260,"column":8},"end":{"line":260,"column":44}},"180":{"start":{"line":262,"column":6},"end":{"line":262,"column":18}},"181":{"start":{"line":265,"column":4},"end":{"line":271,"column":6}},"182":{"start":{"line":266,"column":6},"end":{"line":266,"column":27}},"183":{"start":{"line":267,"column":6},"end":{"line":269,"column":7}},"184":{"start":{"line":268,"column":8},"end":{"line":268,"column":69}},"185":{"start":{"line":270,"column":6},"end":{"line":270,"column":18}},"186":{"start":{"line":273,"column":4},"end":{"line":273,"column":17}}},"branchMap":{"1":{"line":4,"type":"if","locations":[{"start":{"line":4,"column":68},"end":{"line":4,"column":68}},{"start":{"line":4,"column":68},"end":{"line":4,"column":68}}]},"2":{"line":26,"type":"if","locations":[{"start":{"line":26,"column":6},"end":{"line":26,"column":6}},{"start":{"line":26,"column":6},"end":{"line":26,"column":6}}]},"3":{"line":29,"type":"if","locations":[{"start":{"line":29,"column":6},"end":{"line":29,"column":6}},{"start":{"line":29,"column":6},"end":{"line":29,"column":6}}]},"4":{"line":32,"type":"cond-expr","locations":[{"start":{"line":32,"column":41},"end":{"line":32,"column":45}},{"start":{"line":32,"column":48},"end":{"line":32,"column":56}}]},"5":{"line":33,"type":"cond-expr","locations":[{"start":{"line":33,"column":34},"end":{"line":33,"column":60}},{"start":{"line":33,"column":63},"end":{"line":33,"column":67}}]},"6":{"line":40,"type":"if","locations":[{"start":{"line":40,"column":6},"end":{"line":40,"column":6}},{"start":{"line":40,"column":6},"end":{"line":40,"column":6}}]},"7":{"line":52,"type":"if","locations":[{"start":{"line":52,"column":6},"end":{"line":52,"column":6}},{"start":{"line":52,"column":6},"end":{"line":52,"column":6}}]},"8":{"line":84,"type":"if","locations":[{"start":{"line":84,"column":6},"end":{"line":84,"column":6}},{"start":{"line":84,"column":6},"end":{"line":84,"column":6}}]},"9":{"line":87,"type":"if","locations":[{"start":{"line":87,"column":6},"end":{"line":87,"column":6}},{"start":{"line":87,"column":6},"end":{"line":87,"column":6}}]},"10":{"line":90,"type":"if","locations":[{"start":{"line":90,"column":6},"end":{"line":90,"column":6}},{"start":{"line":90,"column":6},"end":{"line":90,"column":6}}]},"11":{"line":107,"type":"if","locations":[{"start":{"line":107,"column":8},"end":{"line":107,"column":8}},{"start":{"line":107,"column":8},"end":{"line":107,"column":8}}]},"12":{"line":115,"type":"if","locations":[{"start":{"line":115,"column":6},"end":{"line":115,"column":6}},{"start":{"line":115,"column":6},"end":{"line":115,"column":6}}]},"13":{"line":123,"type":"cond-expr","locations":[{"start":{"line":123,"column":89},"end":{"line":123,"column":110}},{"start":{"line":123,"column":113},"end":{"line":123,"column":115}}]},"14":{"line":124,"type":"cond-expr","locations":[{"start":{"line":124,"column":40},"end":{"line":124,"column":61}},{"start":{"line":124,"column":64},"end":{"line":124,"column":72}}]},"15":{"line":130,"type":"if","locations":[{"start":{"line":130,"column":6},"end":{"line":130,"column":6}},{"start":{"line":130,"column":6},"end":{"line":130,"column":6}}]},"16":{"line":134,"type":"cond-expr","locations":[{"start":{"line":134,"column":63},"end":{"line":134,"column":67}},{"start":{"line":134,"column":70},"end":{"line":134,"column":97}}]},"17":{"line":138,"type":"if","locations":[{"start":{"line":138,"column":6},"end":{"line":138,"column":6}},{"start":{"line":138,"column":6},"end":{"line":138,"column":6}}]},"18":{"line":145,"type":"if","locations":[{"start":{"line":145,"column":6},"end":{"line":145,"column":6}},{"start":{"line":145,"column":6},"end":{"line":145,"column":6}}]},"19":{"line":148,"type":"if","locations":[{"start":{"line":148,"column":6},"end":{"line":148,"column":6}},{"start":{"line":148,"column":6},"end":{"line":148,"column":6}}]},"20":{"line":157,"type":"if","locations":[{"start":{"line":157,"column":6},"end":{"line":157,"column":6}},{"start":{"line":157,"column":6},"end":{"line":157,"column":6}}]},"21":{"line":166,"type":"if","locations":[{"start":{"line":166,"column":6},"end":{"line":166,"column":6}},{"start":{"line":166,"column":6},"end":{"line":166,"column":6}}]},"22":{"line":169,"type":"if","locations":[{"start":{"line":169,"column":6},"end":{"line":169,"column":6}},{"start":{"line":169,"column":6},"end":{"line":169,"column":6}}]},"23":{"line":177,"type":"if","locations":[{"start":{"line":177,"column":6},"end":{"line":177,"column":6}},{"start":{"line":177,"column":6},"end":{"line":177,"column":6}}]},"24":{"line":190,"type":"if","locations":[{"start":{"line":190,"column":6},"end":{"line":190,"column":6}},{"start":{"line":190,"column":6},"end":{"line":190,"column":6}}]},"25":{"line":193,"type":"if","locations":[{"start":{"line":193,"column":6},"end":{"line":193,"column":6}},{"start":{"line":193,"column":6},"end":{"line":193,"column":6}}]},"26":{"line":200,"type":"if","locations":[{"start":{"line":200,"column":8},"end":{"line":200,"column":8}},{"start":{"line":200,"column":8},"end":{"line":200,"column":8}}]},"27":{"line":213,"type":"if","locations":[{"start":{"line":213,"column":6},"end":{"line":213,"column":6}},{"start":{"line":213,"column":6},"end":{"line":213,"column":6}}]},"28":{"line":227,"type":"if","locations":[{"start":{"line":227,"column":6},"end":{"line":227,"column":6}},{"start":{"line":227,"column":6},"end":{"line":227,"column":6}}]},"29":{"line":236,"type":"if","locations":[{"start":{"line":236,"column":10},"end":{"line":236,"column":10}},{"start":{"line":236,"column":10},"end":{"line":236,"column":10}}]},"30":{"line":250,"type":"if","locations":[{"start":{"line":250,"column":6},"end":{"line":250,"column":6}},{"start":{"line":250,"column":6},"end":{"line":250,"column":6}}]},"31":{"line":253,"type":"if","locations":[{"start":{"line":253,"column":6},"end":{"line":253,"column":6}},{"start":{"line":253,"column":6},"end":{"line":253,"column":6}}]},"32":{"line":267,"type":"if","locations":[{"start":{"line":267,"column":6},"end":{"line":267,"column":6}},{"start":{"line":267,"column":6},"end":{"line":267,"column":6}}]}},"code":["(function() {","  var Buffer, Group, Promise, Pump, PumpingFailedError,","    __hasProp = {}.hasOwnProperty,","    __extends = function(child, parent) { for (var key in parent) { if (__hasProp.call(parent, key)) child[key] = parent[key]; } function ctor() { this.constructor = child; } ctor.prototype = parent.prototype; child.prototype = new ctor(); child.__super__ = parent.prototype; return child; },","    __slice = [].slice;","","  Promise = require('bluebird');","","  Pump = require('./Pump');","","  PumpingFailedError = require('./PumpingFailedError');","","  Buffer = require('./Buffer');","","  module.exports = Group = (function(_super) {","    __extends(Group, _super);","","    function Group() {","      Group.__super__.constructor.call(this);","      this._pumps = {};","      this._exposedBuffers = {};","    }","","    Group.prototype.addPump = function(name, pump) {","      var pumpId;","      if (pump == null) {","        pump = null;","      }","      if (this._pumps[name] != null) {","        throw new Error('Pump already exists');","      }","      this._pumps[name] = pump != null ? pump : new Pump;","      pumpId = this._id != null ? \"\" + this._id + \"/\" + name : name;","      this._pumps[name].id(pumpId);","      this._pumps[name].errorBuffer(this._errorBuffer);","      return this._pumps[name];","    };","","    Group.prototype.pump = function(name) {","      if (this._pumps[name] == null) {","        throw new Error(\"Pump \" + name + \" does not exist\");","      }","      return this._pumps[name];","    };","","    Group.prototype.pumps = function() {","      return this._pumps;","    };","","    Group.prototype.start = function() {","      var name, pump, _ref;","      if (this._state !== Group.STOPPED) {","        throw new Error('Group already started');","      }","      this._state = Group.STARTED;","      this._registerErrorBufferEvents();","      _ref = this._pumps;","      for (name in _ref) {","        pump = _ref[name];","        pump.errorBuffer(this._errorBuffer);","        pump.debugMode(this._debug);","      }","      this.run().then((function(_this) {","        return function() {","          return _this._endGroup();","        };","      })(this))[\"catch\"](function(PumpingFailedError, e) {});","      return this;","    };","","    Group.prototype._endGroup = function() {","      this._state = Group.ENDED;","      return this.emit('end');","    };","","    Group.prototype.run = function() {","      var result;","      (result = this.runPumps())[\"catch\"](function(PumpingFailedError, e) {});","      return result;","    };","","    Group.prototype.runPumps = function(pumps) {","      var finishPromises, pumpName, _i, _len;","      if (pumps == null) {","        pumps = null;","      }","      if (pumps == null) {","        pumps = this._getAllStoppedPumps();","      }","      if (typeof pumps === 'string') {","        pumps = [pumps];","      }","      finishPromises = [];","      for (_i = 0, _len = pumps.length; _i < _len; _i++) {","        pumpName = pumps[_i];","        finishPromises.push(this.pump(pumpName).start().whenFinished());","      }","      return Promise.all(finishPromises);","    };","","    Group.prototype._getAllStoppedPumps = function() {","      var name, pump, result, _ref;","      result = [];","      _ref = this._pumps;","      for (name in _ref) {","        pump = _ref[name];","        if (pump.isStopped()) {","          result.push(name);","        }","      }","      return result;","    };","","    Group.prototype.expose = function(exposedName, bufferPath) {","      if (this._exposedBuffers[exposedName] != null) {","        throw new Error(\"Already exposed a buffer with name \" + exposedName);","      }","      return this._exposedBuffers[exposedName] = this._getBufferByPath(bufferPath);","    };","","    Group.prototype._getBufferByPath = function(bufferPath) {","      var bufferName, bufferNames, pumpName, _ref;","      _ref = bufferPath.split('/'), pumpName = _ref[0], bufferNames = 2 <= _ref.length ? __slice.call(_ref, 1) : [];","      bufferName = bufferNames.length ? bufferNames.join('/') : 'output';","      return this.pump(pumpName).buffer(bufferName);","    };","","    Group.prototype.buffer = function(name) {","      var result, _ref;","      if (name == null) {","        name = 'output';","      }","      try {","        result = (_ref = this._exposedBuffers[name]) != null ? _ref : this._getBufferByPath(name);","      } catch (_error) {","","      }","      if (!result) 
[...]
;","          });","          if (((_ref = target._mongo) != null ? (_ref1 = _ref.collection) != null ? _ref1._datapumpsMixinName : void 0 : void 0) != null) {","            return target._mongo.collection = db.collection(target._mongo.collection._datapumpsMixinName);","          }","        });","      }","      for (_i = 0, _len = _wrappedMethods.length; _i < _len; _i++) {","        name = _wrappedMethods[_i];","        _wrapMethod(target, name);","      }","      _wrapFind(target);","      target.setGlobalDefaultMaxBsonSize = function(size) {","        require('mongodb').Connection.DEFAULT_MAX_BSON_SIZE = size;","        require('mongodb').Connection.DEFAULT_MAX_MESSAGE_SIZE = size;","        return this;","      };","      target.db = function() {","        return this._mongo.db;","      };","      target.useCollection = function(name) {","        var _j, _len1, _ref;","        if ((target._mongo.whenConnected != null) && ((_ref = target._mongo) != null ? _ref.whenConnected.isPending() : void 0)) {","          this._mongo.collection = {","            _datapumpsMixinName: name","          };","          for (_j = 0, _len1 = _wrappedMethods.length; _j < _len1; _j++) {","            name = _wrappedMethods[_j];","            _deferCollectionMethod(this._mongo.collection, name + 'Async', this);","          }","          _deferFind(this._mongo.collection, this);","        } else {","          this._mongo.collection = this._mongo.db.collection(name);","        }","        return this;","      };","      return target.collection = function(name) {","        var _ref;","        if ((_ref = target._mongo) != null ? _ref.whenConnected.isPending() : void 0) {","          throw new Error('Not yet connected to mongo');","        }","        return this._mongo.db.collection(name);","      };","    };","  };","","  _wrappedMethods = ['insert', 'remove', 'rename', 'save', 'update', 'count', 'drop', 'findOne', 'createIndex', 'ensureIndex', 'dropIndex', 'reIndex', 'group', 'options', 'indexes', 'stats', 'findAndModify', 'findAndRemove'];","","  _wrapMethod = function(target, name) {","    return target[name] = function() {","      var args;","      args = 1 <= arguments.length ? __slice.call(arguments, 0) : [];","      if (this._mongo.collection == null) {","        throw new Error('Collection is not set. Use .useCollection before using this wrapper');","      }","      if (!this._mongo.collection[name + 'Async']) {","        throw new Error(\"Method .\" + name + \"Async() does not exist in collection.\");","      }","      return this._mongo.collection[name + 'Async'].apply(this._mongo.collection, args);","    };","  };","","  _wrapFind = function(target) {","    return target.find = function() {","      var args;","      args = 1 <= arguments.length ? __slice.call(arguments, 0) : [];","      if (this._mongo.collection == null) {","        throw new Error('Collection is not set. Use .useCollection before using this wrapper');","      }","      if (!this._mongo.collection.find) {","        throw new Error(\"Method .find() does not exist in collection.\");","      }","      return this._mongo.collection.find.apply(this._mongo.collection, args).stream();","    };","  };","","  _deferCollectionMethod = function(collection, name, target) {","    return collection[name] = function() {","      var args;","      args = 1 <= arguments.length ? __slice.call(arguments, 0) : [];","      return target._mongo.whenConnected.then(function() {","        if (!target._mongo.collection[name]) {","          throw new Error(\"Method .\" + name + \" does not exist in collection.\");","        }","        return target._mongo.collection[name].apply(target._mongo.collection, args);","      });","    };","  };","","  _deferFind = function(collection, target) {","    return collection.find = function() {","      var args, result;","      args = 1 <= arguments.length ? __slice.call(arguments, 0) : [];","      result = new PassThrough({","        objectMode: true,","        highWaterMark: 10","      });","      target._mongo.whenConnected.then(function() {","        return target._mongo.collection.find.apply(target._mongo.collection, args).stream().pipe(result);","      });","      return {","        stream: function() {","          return result;","        }","      };","    };","  };","","}).call(this);",""],"l":{"1":1,"2":1,"5":1,"7":1,"9":1,"11":1,"12":0,"13":0,"14":0,"17":0,"18":0,"19":0,"20":0,"21":0,"22":0,"24":0,"25":0,"29":0,"30":0,"31":0,"33":0,"34":0,"35":0,"36":0,"37":0,"39":0,"40":0,"42":0,"43":0,"44":0,"45":0,"48":0,"49":0,"50":0,"52":0,"54":0,"56":0,"58":0,"59":0,"60":0,"61":0,"63":0,"68":1,"70":1,"71":0,"72":0,"73":0,"74":0,"75":0,"77":0,"78":0,"80":0,"84":1,"85":0,"86":0,"87":0,"88":0,"89":0,"91":0,"92":0,"94":0,"98":1,"99":0,"100":0,"101":0,"102":0,"103":0,"104":0,"106":0,"111":1,"112":0,"113":0,"114":0,"115":0,"119":0,"120":0,"122":0,"124":0}},"/home/travis/build/npmtest/node-npmtest-datapumps/node_modules/datapumps/lib/mixin/RestMixin.js":{"path":"/home/travis/build/npmtest/node-npmtest-datapumps/node_modules/datapumps/lib/mixin/RestMixin.js","s":{"1":1,"2":1,"3":1,"4":1,"5":1,"6":0,"7":0,"8":0,"9":0,"10":0,"11":0,"12":0,"13":0,"14":0,"15":0,"16":0,"17":0,"18":0,"19":0,"20":0,"21":0,"22":0,"23":0,"24":0,"25":0,"26":0,"27":0,"28":0,"29":0,"30":0,"31":0,"32":0,"33":0,"34":0,"35":0,"36":0,"37":0,"38":1,"39":0,"40":0,"41":0,"42":0,"43":0,"44":0,"45":0,"46":0,"47":0},"b":{"1":[0,0],"2":[0,0],"3":[0,0],"4":[0,0],"5":[0,0],"6":[0,0],"7":[0,0]},"f":{"1":1,"2":0,"3":0,"4":0,"5":0,"6":0,"7":0,"8":0,"9":0,"10":0,"11":0,"12":0,"13":0,"14":0},"fnMap":{"1":{"name":"(anonymous_1)","line":1,"loc":{"start":{"line":1,"column":1},"end":{"line":1,"column":12}}},"2":{"name":"(anonymous_2)","line":8,"loc":{"start":{"line":8,"column":31},"end":{"line":8,"column":48}}},"3":{"name":"(anonymous_3)","line":18,"loc":{"start":{"line":18,"column":18},"end":{"line":18,"column":29}}},"4":{"name":"(anonymous_4)","line":21,"loc":{"start":{"line":21,"column":29},"end":{"line":21,"column":46}}},"5":{"name":"(anonymous_5)","line":27,"loc":{"start":{"line":27,"column":31},"end":{"line":27,"column":48}}},"6":{"name":"(anonymous_6)","line":32,"loc":{"start":{"line":32,"column":26},"end":{"line":32,"column":37}}},"7":{"name":"(anonymous_7)","line":37,"loc":{"start":{"line":37,"column":34},"end":{"line":37,"column":50}}},"8":{"name":"(anonymous_8)","line":38,"loc":{"start":{"line":38,"column":15},"end":{"line":38,"column":34}}},"9":{"name":"(anonymous_9)","line":39,"loc":{"start":{"line":39,"column":60},"end":{"line":39,"column":79}}},"10":{"name":"(anonymous_10)","line":40,"loc":{"start":{"line":40,"column":85},"end":{"line":40,"column":96}}},"11":{"name":"(anonymous_11)","line":56,"loc":{"start":{"line":56,"column":16},"end":{"line":56,"column":45}}},"12":{"name":"(anonymous_12)","line":57,"loc":{"start":{"line":57,"column":32},"end":{"line":57,"column":43}}},"13":{"name":"(anonymous_13)","line":60,"loc":{"start":{"line":60,"column":25},"end":{"line":60,"column":51}}},"14":{"name":"(anonymous_14)","line":61,"loc":{"start":{"line":61,"column":77},"end":{"line":61,"column":104}}}},"statementMap":{"1":{"start":{"line":1,"column":0},"end":{"line":73,"column":14}},"2":{"start":{"line":2,"column":2},"end":{"line":2,"column":47}},"3":{"start":{"line":4,"column":2},"end":{"line":4,"column":32}},"4":{"start":{"line":6,"column":2},"end":{"line":6,"column":31}},"5":{"start":{"line":8,"column":2},"end":{"line":54,"column":4}},"6":{"start":{"line":9,"column":4},"end":{"line":9,"column":31}},"7":{"start":{"line":10,"column":4},"end":{"line":10,"column":32}},"8":{"start":{"line":11,"column":4},"end":{"line":11,"column":31}},"9":{"start":{"line":12,"column":4},"end":{"line":12,"column":31}},"10":{"start":{"line":13,"column":4},"end":{"line":13,"column":32}},"11":{"start":{"line":14,"column":4},"end":{"line":14,"column":33}},"12":{"start":{"line":15,"column":4},"end":{"line":15,"column":32}},"13":{"start":{"line":16,"column":4},"end":{"line":16,"column":36}},"14":{"start":{"line":17,"column":4},"end":{"line":17,"column":35}},"15":{"start":{"line":18,"column":4},"end":{"line":20,"column":6}},"16":{"start":{"line":19,"column":6},"end":{"line":19,"column":52}},"17":{"start":{"line":21,"column":4},"end":{"line":53,"column":6}},"18":{"start":{"line":22,"column":6},"end":{"line":22,"column":35}},"19":{"start":{"line":23,"column":6},"end":{"line":25,"column":7}},"20":{"start":{"line":24,"column":8},"end":{"line":24,"column":49}},"21":{"start":{"line":26,"column":6},"end":{"line":30,"column":7}},"22":{"start":{"line":27,"column":8},"end":{"line":29,"column":10}},"23":{"start":{"line":28,"column":10},"end":{"line":28,"column":24}},"24":{"start":{"line":31,"column":6},"end":{"line":35,"column":7}},"25":{"start":{"line":32,"column":8},"end":{"line":34,"column":10}},"26":{"start":{"line":33,"column":10},"end":{"line":33,"column":24}},"27":{"start":{"line":36,"column":6},"end":{"line":36,"column":37}},"28":{"start":{"line":37,"column":6},"end":{"line":50,"column":15}},"29":{"start":{"line":38,"column":8},"end":{"line":49,"column":10}},"30":{"start":{"line":39,"column":10},"end":{"line":48,"column":13}},"31":{"start":{"line":40,"column":12},"end":{"line":47,"column":15}},"32":{"start":{"line":41,"column":14},"end":{"line":41,"column":51}},"33":{"start":{"line":42,"column":14},"end":{"line":46,"column":15}},"34":{"start":{"line":43,"column":16},"end":{"line":43,"column":43}},"35":{"start":{"line":45,"column":16},"end":{"line":45,"column":58}},"36":{"start":{"line":51,"column":6},"end":{"line":51,"column":39}},"37":{"start":{"line":52,"column":6},"end":{"line":52,"column":18}},"38":{"start":{"line":56,"column":2},"end":{"line":71,"column":4}},"39":{"start":{"line":57,"column":4},"end":{"line":70,"column":6}},"40":{"start":{"line":58,"column":6},"end":{"line":58,"column":21}},"41":{"start":{"line":59,"column":6},"end":{"line":59,"column":29}},"42":{"start":{"line":60,"column":6},"end":{"line":69,"column":9}},"43":{"start":{"line":61,"column":8},"end":{"line":68,"column":11}},"44":{"start":{"line":62,"column":10},"end":{"line":67,"column":11}},"45":{"start":{"line":63,"column":12},"end":{"line":63,"column":34}},"46":{"start":{"line":65,"column":12},"end":{"line":65,"column":37}},"47":{"start":{"line":66,"column":12},"end":{"line":66,"column":37}}},"branchMap":{"1":{"line":23,"type":"if","locations":[{"start":{"line":23,"column":6},"end":{"line":23,"column":6}},{"start":{"line":23,"column":6},"end":{"line":23,"column":6}}]},"2":{"line":23,"type":"cond-expr","locations":[{"start":{"line":23,"column":29},"end":{"line":23,"column":41}},{"start":{"line":23,"column":44},"end":{"line":23,"column":50}}]},"3":{"line":26,"type":"if","locations":[{"start":{"line":26,"column":6},"end":{"line":26,"column":6}},{"start":{"line":26,"column":6},"end":{"line":26,"column":6}}]},"4":{"line":31,"type":"if","locations":[{"start":{"line":31,"column":6},"end":{"line":31,"column":6}},{"start":{"line":31,"column":6},"end":{"line":31,"column":6}}]},"5":{"line":42,"type":"if","locations":[{"start":{"line":42,"column":14},"end":{"line":42,"column":14}},{"start":{"line":42,"column":14},"end":{"line":42,"column":14}}]},"6":{"line":42,"type":"binary-expr","locations":[{"start":{"line":42,"column":19},"end":{"line":42,"column":38}},{"start":{"line":42,"column":44},"end":{"line":42,"column":61}}]},"7":{"line":62,"type":"if","locations":[{"start":{"line":62,"column":10},"end":{"line":62,"column":10}},{"start":{"line":62,"column":10},"end":{"line":62,"column":10}}]}},"code":["(function() {","  var Promise, RestMixin, restler, _wrapMethod;","","  Promise = require('bluebird');","","  restler = require('restler');","","  module.exports = RestMixin = function(target) {","    _wrapMethod(target, 'get');","    _wrapMethod(target, 'post');","    _wrapMethod(target, 'put');","    _wrapMethod(target, 'del');","    _wrapMethod(target, 'head');","    _wrapMethod(target, 'patch');","    _wrapMethod(target, 'json');","    _wrapMethod(target, 'postJson');","    _wrapMethod(target, 'putJson');","    target.file = function() {","      return restler.file.apply(restler, arguments);","    };","    return target.fromRest = function(config) {","      var queryAndWriteInputBuffer;","      if (!(config != null ? config.query : void 0)) {","        throw new Error('query key is required');","      }","      if (config.resultMapping == null) {","        config.resultMapping = function(result) {","          return result;","        };","      }","      if (config.nextPage == null) {","        config.nextPage = function() {","          return void 0;","        };","      }","      this.from(this.createBuffer());","      queryAndWriteInputBuffer = (function(_this) {","        return function(nextPage) {","          return config.query.apply(_this, [nextPage]).then(function(response) {","            return _this.from().writeArrayAsync(config.resultMapping(response)).done(function() {","              nextPage = config.nextPage(response);","              if ((nextPage === void 0) || (nextPage === null)) {","                return _this.from().seal();","              } else {","                return queryAndWriteInputBuffer(nextPage);","              }","            });","          });","        };","      })(this);","      queryAndWriteInputBuffer(void 0);","      return this;","    };","  };","","  _wrapMethod = function(target, methodName) {","    return target[methodName] = function() {","      var methodArgs;","      methodArgs = arguments;","      return new Promise(function(resolve, reject) {","        return restler[methodName].apply(restler, methodArgs).on('complete', function(result, response) {","          if (result instanceof Error) {","            return reject(result);","          } else {","            response.result = result;","            return resolve(response);","          }","        });","      });","    };","  };","","}).call(this);",""],"l":{"1":1,"2":1,"4":1,"6":1,"8":1,"9":0,"10":0,"11":0,"12":0,"13":0,"14":0,"15":0,"16":0,"17":0,"18":0,"19":0,"21":0,"22":0,"23":0,"24":0,"26":0,"27":0,"28":0,"31":0,"32":0,"33":0,"36":0,"37":0,"38":0,"39":0,"40":0,"41":0,"42":0,"43":0,"45":0,"51":0,"52":0,"56":1,"57":0,"58":0,"59":0,"60":0,"61":0,"62":0,"63":0,"65":0,"66":0}},"/home/travis/build/npmtest/node-npmtest-datapumps/node_modules/datapumps/lib/mixin/PostgresqlMixin.js":{"path":"/home/travis/build/npmtest/node-npmtest-datapumps/node_modules/datapumps/lib/mixin/PostgresqlMixin.js","s":{"1":1,"2":1,"3":1,"4":0,"5":0,"6":0,"7":0,"8":0,"9":0,"10":0,"11":0,"12":0,"13":0,"14":0,"15":0,"16":0,"17":0,"18":0,"19":0,"20":0,"21":0,"22":0,"23":0,"24":1},"b":{"1":[0,0],"2":[0,0],"3":[0,0],"4":[0,0],"5":[0,0],"6":[0,0],"7":[0,0],"8":[0,0]},"f":{"1":1,"2":0,"3":0,"4":0,"5":0,"6":0},"fnMap":{"1":{"name":"(anonymous_1)","line":1,"loc":{"start":{"line":1,"column":1},"end":{"line":1,"column":12}}},"2":{"name":"(anonymous_2)","line":5,"loc":{"start":{"line":5,"column":20},"end":{"line":5,"column":37}}},"3":{"name":"(anonymous_3)","line":9,"loc":{"start":{"line":9,"column":11},"end":{"line":9,"column":28}}},"4":{"name":"(anonymous_4)","line":10,"loc":{"start":{"line":10,"column":21},"end":{"line":10,"column":32}}},"5":{"name":"(anonymous_5)","line":19,"loc":{"start":{"line":19,"column":32},"end":{"line":19,"column":43}}},"6":{"name":"(anonymous_6)","line":22,"loc":{"start":{"line":22,"column":46},"end":{"line":22,"column":61}}}},"statementMap":{"1":{"start":{"line":1,"column":0},"end":{"line":39,"column":14}},"2":{"start":{"line":2,"column":2},"end":{"line":3,"column":23}},"3":{"start":{"line":5,"column":2},"end":{"line":35,"column":4}},"4":{"start":{"line":6,"column":4},"end":{"line":8,"column":5}},"5":{"start":{"line":7,"column":6},"end":{"line":7,"column":70}},"6":{"start":{"line":9,"column":4},"end":{"line":34,"column":6}},"7":{"start":{"line":10,"column":6},"end":{"line":18,"column":8}},"8":{"start":{"line":11,"column":8},"end":{"line":11,"column":24}},"9":{"start":{"line":12,"column":8},"end":{"line":12,"column":93}},"10":{"start":{"line":13,"column":8},"end":{"line":17,"column":9}},"11":{"start":{"line":14,"column":10},"end":{"line":14,"column":43}},"12":{"start":{"line":16,"column":10},"end":{"line":16,"column":37}},"13":{"start":{"line":19,"column":6},"end":{"line":33,"column":8}},"14":{"start":{"line":20,"column":8},"end":{"line":20,"column":24}},"15":{"start":{"line":21,"column":8},"end":{"line":21,"column":93}},"16":{"start":{"line":22,"column":8},"end":{"line":32,"column":11}},"17":{"start":{"line":23,"column":10},"end":{"line":23,"column":30}},"18":{"start":{"line":24,"column":10},"end":{"line":24,"column":46}},"19":{"start":{"line":25,"column":10},"end":{"line":31,"column":11}},"20":{"start":{"line":26,"column":12},"end":{"line":26,"column":30}},"21":{"start":{"line":27,"column":17},"end":{"line":31,"column":11}},"22":{"start":{"line":28,"column":12},"end":{"line":28,"column":56}},"23":{"start":{"line":30,"column":12},"end":{"line":30,"column":67}},"24":{"start":{"line":37,"column":2},"end":{"line":37,"column":35}}},"branchMap":{"1":{"line":6,"type":"if","locations":[{"start":{"line":6,"column":4},"end":{"line":6,"column":4}},{"start":{"line":6,"column":4},"end":{"line":6,"column":4}}]},"2":{"line":6,"type":"binary-expr","locations":[{"start":{"line":6,"column":9},"end":{"line":6,"column":23}},{"start":{"line":6,"column":28},"end":{"line":6,"column":90}}]},"3":{"line":6,"type":"cond-expr","locations":[{"start":{"line":6,"column":53},"end":{"line":6,"column":65}},{"start":{"line":6,"column":68},"end":{"line":6,"column":74}}]},"4":{"line":12,"type":"cond-expr","locations":[{"start":{"line":12,"column":61},"end":{"line":12,"column":87}},{"start":{"line":12,"column":90},"end":{"line":12,"column":92}}]},"5":{"line":13,"type":"if","locations":[{"start":{"line":13,"column":8},"end":{"line":13,"column":8}},{"start":{"line":13,"column":8},"end":{"line":13,"column":8}}]},"6":{"line":21,"type":"cond-expr","locations":[{"start":{"line":21,"column":61},"end":{"line":21,"column":87}},{"start":{"line":21,"column":90},"end":{"line":21,"column":92}}]},"7":{"line":25,"type":"if","locations":[{"start":{"line":25,"column":10},"end":{"line":25,"column":10}},{"start":{"line":25,"column":10},"end":{"line":25,"column":10}}]},"8":{"line":27,"type":"if","locations":[{"start":{"line":27,"column":17},"end":{"line":27,"column":17}},{"start":{"line":27,"column":17},"end":{"line":27,"column":17}}]}},"code":["(function() {","  var postgresqlMixin,","    __slice = [].slice;","","  postgresqlMixin = function(client) {","    if ((client == null) || typeof (client != null ? client.query : void 0) !== 'function') {","      throw new Error('Postgresql mixin requires client to be given');","    }","    return function(target) {","      target.query = function() {","        var args, query;","        query = arguments[0], args = 2 <= arguments.length ? __slice.call(arguments, 1) : [];","        if (args != null) {","          return client.query(query, args);","        } else {","          return client.query(query);","        }","      };","      return target.selectOne = function() {","        var args, query;","        query = arguments[0], args = 2 <= arguments.length ? __slice.call(arguments, 1) : [];","        return target.query(query, args).then(function(_arg) {","          var fields, results;","          results = _arg[0], fields = _arg[1];","          if (results.length === 1) {","            return results[0];","          } else if (results.length === 0) {","            throw new Error('Query returned no result');","          } else {","            throw new Error('Query returned more than one result');","          }","        });","      };","    };","  };","","  module.exports = postgresqlMixin;","","}).call(this);",""],"l":{"1":1,"2":1,"5":1,"6":0,"7":0,"9":0,"10":0,"11":0,"12":0,"13":0,"14":0,"16":0,"19":0,"20":0,"21":0,"22":0,"23":0,"24":0,"25":0,"26":0,"27":0,"28":0,"30":0,"37":1}}}